-------------------------------------------------------------------------------
Test set: com.liftsimulator.admin.controller.SimulationRunControllerTest
-------------------------------------------------------------------------------
Tests run: 15, Failures: 3, Errors: 0, Skipped: 0, Time elapsed: 1.690 s <<< FAILURE! -- in com.liftsimulator.admin.controller.SimulationRunControllerTest
com.liftsimulator.admin.controller.SimulationRunControllerTest.testGetSimulationLogs_NoArtefactPath -- Time elapsed: 0.106 s <<< FAILURE!
java.lang.AssertionError: Status expected:<500> but was:<409>
	at org.springframework.test.util.AssertionErrors.fail(AssertionErrors.java:59)
	at org.springframework.test.util.AssertionErrors.assertEquals(AssertionErrors.java:122)
	at org.springframework.test.web.servlet.result.StatusResultMatchers.lambda$matcher$9(StatusResultMatchers.java:637)
	at org.springframework.test.web.servlet.MockMvc$1.andExpect(MockMvc.java:214)
	at com.liftsimulator.admin.controller.SimulationRunControllerTest.testGetSimulationLogs_NoArtefactPath(SimulationRunControllerTest.java:274)
	at java.base/java.lang.reflect.Method.invoke(Method.java:580)
	at java.base/java.util.ArrayList.forEach(ArrayList.java:1597)
	at java.base/java.util.ArrayList.forEach(ArrayList.java:1597)

com.liftsimulator.admin.controller.SimulationRunControllerTest.testCreateSimulationRun_Success -- Time elapsed: 0.143 s <<< FAILURE!
java.lang.AssertionError: JSON path "$.status" expected:<RUNNING> but was:<CREATED>
	at org.springframework.test.util.AssertionErrors.fail(AssertionErrors.java:59)
	at org.springframework.test.util.AssertionErrors.assertEquals(AssertionErrors.java:122)
	at org.springframework.test.util.JsonPathExpectationsHelper.assertValue(JsonPathExpectationsHelper.java:123)
	at org.springframework.test.web.servlet.result.JsonPathResultMatchers.lambda$value$2(JsonPathResultMatchers.java:111)
	at org.springframework.test.web.servlet.MockMvc$1.andExpect(MockMvc.java:214)
	at com.liftsimulator.admin.controller.SimulationRunControllerTest.testCreateSimulationRun_Success(SimulationRunControllerTest.java:115)
	at java.base/java.lang.reflect.Method.invoke(Method.java:580)
	at java.base/java.util.ArrayList.forEach(ArrayList.java:1597)
	at java.base/java.util.ArrayList.forEach(ArrayList.java:1597)

com.liftsimulator.admin.controller.SimulationRunControllerTest.testCreateSimulationRun_WithScenario -- Time elapsed: 0.184 s <<< FAILURE!
java.lang.AssertionError: Status expected:<201> but was:<500>
	at org.springframework.test.util.AssertionErrors.fail(AssertionErrors.java:59)
	at org.springframework.test.util.AssertionErrors.assertEquals(AssertionErrors.java:122)
	at org.springframework.test.web.servlet.result.StatusResultMatchers.lambda$matcher$9(StatusResultMatchers.java:637)
	at org.springframework.test.web.servlet.MockMvc$1.andExpect(MockMvc.java:214)
	at com.liftsimulator.admin.controller.SimulationRunControllerTest.testCreateSimulationRun_WithScenario(SimulationRunControllerTest.java:133)
	at java.base/java.lang.reflect.Method.invoke(Method.java:580)
	at java.base/java.util.ArrayList.forEach(ArrayList.java:1597)
	at java.base/java.util.ArrayList.forEach(ArrayList.java:1597)

