<?xml version="1.0" encoding="UTF-8"?>
<testsuite xmlns:xsi="http://www.w3.org/2001/XMLSchema-instance" xsi:noNamespaceSchemaLocation="https://maven.apache.org/surefire/maven-surefire-plugin/xsd/surefire-test-report-3.0.xsd" version="3.0" name="com.liftsimulator.admin.controller.SimulationRunLifecycleIntegrationTest" time="3.877" tests="1" errors="0" skipped="0" failures="1">
  <properties>
[...]
</properties>
  <testcase name="testRunLifecycle_StartPollResults" classname="com.liftsimulator.admin.controller.SimulationRunLifecycleIntegrationTest" time="0.504">
    <failure message="JSON path &quot;$.results.runSummary.status&quot; expected:&lt;SUCCEEDED&gt; but was:&lt;FAILED&gt;" type="java.lang.AssertionError"><![CDATA[java.lang.AssertionError: JSON path "$.results.runSummary.status" expected:<SUCCEEDED> but was:<FAILED>
	at org.springframework.test.util.AssertionErrors.fail(AssertionErrors.java:59)
	at org.springframework.test.util.AssertionErrors.assertEquals(AssertionErrors.java:122)
	at org.springframework.test.util.JsonPathExpectationsHelper.assertValue(JsonPathExpectationsHelper.java:123)
	at org.springframework.test.web.servlet.result.JsonPathResultMatchers.lambda$value$2(JsonPathResultMatchers.java:111)
	at org.springframework.test.web.servlet.MockMvc$1.andExpect(MockMvc.java:214)
	at com.liftsimulator.admin.controller.SimulationRunLifecycleIntegrationTest.testRunLifecycle_StartPollResults(SimulationRunLifecycleIntegrationTest.java:167)
	at java.base/java.lang.reflect.Method.invoke(Method.java:580)
	at java.base/java.util.ArrayList.forEach(ArrayList.java:1597)
	at java.base/java.util.ArrayList.forEach(ArrayList.java:1597)
]]></failure>
    <system-out><![CDATA[2026-01-24 10:56:18.917 [simulation-runner-1] ERROR c.l.a.s.SimulationRunExecutionService - Failed to mark run 180 as failed
com.liftsimulator.admin.service.ResourceNotFoundException: Simulation run not found with id: 180
	at com.liftsimulator.admin.service.SimulationRunService.lambda$getRunById$5(SimulationRunService.java:215)
	at java.base/java.util.Optional.orElseThrow(Optional.java:403)
	at com.liftsimulator.admin.service.SimulationRunService.getRunById(SimulationRunService.java:215)
	at com.liftsimulator.admin.service.SimulationRunService.startRun(SimulationRunService.java:260)
	at java.base/jdk.internal.reflect.DirectMethodHandleAccessor.invoke(DirectMethodHandleAccessor.java:103)
	at java.base/java.lang.reflect.Method.invoke(Method.java:580)
	at org.springframework.aop.support.AopUtils.invokeJoinpointUsingReflection(AopUtils.java:352)
	at org.springframework.aop.framework.ReflectiveMethodInvocation.invokeJoinpoint(ReflectiveMethodInvocation.java:196)
	at org.springframework.aop.framework.ReflectiveMethodInvocation.proceed(ReflectiveMethodInvocation.java:163)
	at org.springframework.aop.framework.CglibAopProxy$CglibMethodInvocation.proceed(CglibAopProxy.java:765)
	at org.springframework.transaction.interceptor.TransactionInterceptor$1.proceedWithInvocation(TransactionInterceptor.java:123)
	at org.springframework.transaction.interceptor.TransactionAspectSupport.invokeWithinTransaction(TransactionAspectSupport.java:385)
	at org.springframework.transaction.interceptor.TransactionInterceptor.invoke(TransactionInterceptor.java:119)
	at org.springframework.aop.framework.ReflectiveMethodInvocation.proceed(ReflectiveMethodInvocation.java:184)
	at org.springframework.aop.framework.CglibAopProxy$CglibMethodInvocation.proceed(CglibAopProxy.java:765)
	at org.springframework.aop.framework.CglibAopProxy$DynamicAdvisedInterceptor.intercept(CglibAopProxy.java:717)
	at com.liftsimulator.admin.service.SimulationRunService$$SpringCGLIB$$0.startRun(<generated>)
	at com.liftsimulator.admin.service.SimulationRunExecutionService.failRunWithMessage(SimulationRunExecutionService.java:303)
	at com.liftsimulator.admin.service.SimulationRunExecutionService.executeRun(SimulationRunExecutionService.java:128)
	at com.liftsimulator.admin.service.SimulationRunExecutionService.lambda$submitRunForExecution$1(SimulationRunExecutionService.java:115)
	at java.base/java.util.concurrent.ThreadPoolExecutor.runWorker(ThreadPoolExecutor.java:1144)
	at java.base/java.util.concurrent.ThreadPoolExecutor$Worker.run(ThreadPoolExecutor.java:642)
	at java.base/java.lang.Thread.run(Thread.java:1570)
2026-01-24 10:56:18.927 [main] INFO  o.s.t.c.s.AnnotationConfigContextLoaderUtils - Could not detect default configuration classes for test class [com.liftsimulator.admin.controller.SimulationRunLifecycleIntegrationTest]: SimulationRunLifecycleIntegrationTest does not declare any static, non-private, non-final, nested classes annotated with @Configuration.
2026-01-24 10:56:18.933 [main] INFO  o.s.b.t.c.SpringBootTestContextBootstrapper - Found @SpringBootConfiguration com.liftsimulator.admin.LiftConfigServiceApplication for test class com.liftsimulator.admin.controller.SimulationRunLifecycleIntegrationTest

  .   ____          _            __ _ _
 /\\ / ___'_ __ _ _(_)_ __  __ _ \ \ \ \
( ( )\___ | '_ | '_| | '_ \/ _` | \ \ \ \
 \\/  ___)| |_)| | | | | || (_| |  ) ) ) )
  '  |____| .__|_| |_|_| |_\__, | / / / /
 =========|_|==============|___/=/_/_/_/
 :: Spring Boot ::                (v3.2.1)

2026-01-24 10:56:18.998 [main] INFO  c.l.a.c.SimulationRunLifecycleIntegrationTest - Starting SimulationRunLifecycleIntegrationTest using Java 22.0.2 with PID 18784 (started by manoj in D:\Projects\lift-simulator)
2026-01-24 10:56:18.998 [main] DEBUG c.l.a.c.SimulationRunLifecycleIntegrationTest - Running with Spring Boot v3.2.1, Spring v6.1.2
2026-01-24 10:56:18.998 [main] INFO  c.l.a.c.SimulationRunLifecycleIntegrationTest - The following 1 profile is active: "test"
2026-01-24 10:56:19.559 [main] INFO  o.s.d.r.c.RepositoryConfigurationDelegate - Bootstrapping Spring Data JPA repositories in DEFAULT mode.
2026-01-24 10:56:19.577 [main] INFO  o.s.d.r.c.RepositoryConfigurationDelegate - Finished Spring Data repository scanning in 28 ms. Found 5 JPA repository interfaces.
2026-01-24 10:56:19.811 [main] INFO  o.h.jpa.internal.util.LogHelper - HHH000204: Processing PersistenceUnitInfo [name: default]
2026-01-24 10:56:19.815 [main] INFO  o.h.c.i.RegionFactoryInitiator - HHH000026: Second-level cache disabled
2026-01-24 10:56:19.820 [main] INFO  o.s.o.j.p.SpringPersistenceUnitInfo - No LoadTimeWeaver setup: ignoring JPA class transformer
2026-01-24 10:56:19.821 [main] INFO  com.zaxxer.hikari.HikariDataSource - HikariPool-2 - Starting...
2026-01-24 10:56:20.011 [main] INFO  com.zaxxer.hikari.pool.HikariPool - HikariPool-2 - Added connection org.postgresql.jdbc.PgConnection@5c0ded2f
2026-01-24 10:56:20.011 [main] INFO  com.zaxxer.hikari.HikariDataSource - HikariPool-2 - Start completed.
2026-01-24 10:56:20.026 [main] WARN  org.hibernate.orm.deprecation - HHH90000025: PostgreSQLDialect does not need to be specified explicitly using 'hibernate.dialect' (remove the property setting and it will be selected by default)
2026-01-24 10:56:20.377 [main] INFO  o.h.e.t.j.p.i.JtaPlatformInitiator - HHH000489: No JTA platform available (set 'hibernate.transaction.jta.platform' to enable JTA platform integration)
2026-01-24 10:56:20.561 [main] INFO  o.s.o.j.LocalContainerEntityManagerFactoryBean - Initialized JPA EntityManagerFactory for persistence unit 'default'
2026-01-24 10:56:22.205 [main] INFO  o.s.b.t.m.w.SpringBootMockServletContext - Initializing Spring TestDispatcherServlet ''
2026-01-24 10:56:22.206 [main] INFO  o.s.t.w.s.TestDispatcherServlet - Initializing Servlet ''
2026-01-24 10:56:22.214 [main] INFO  o.s.b.a.e.web.EndpointLinksResolver - Exposing 2 endpoint(s) beneath base path '/actuator'
2026-01-24 10:56:22.225 [main] INFO  o.s.t.w.s.TestDispatcherServlet - Completed initialization in 19 ms
2026-01-24 10:56:22.265 [main] INFO  c.l.a.c.SimulationRunLifecycleIntegrationTest - Started SimulationRunLifecycleIntegrationTest in 3.328 seconds (process running for 30.762)
2026-01-24 10:56:22.275 [main] DEBUG org.hibernate.SQL - 
    select
        sr1_0.id,
        sr1_0.artefact_base_path,
        sr1_0.created_at,
        sr1_0.current_tick,
        sr1_0.ended_at,
        sr1_0.error_message,
        sr1_0.lift_system_id,
        sr1_0.scenario_id,
        sr1_0.seed,
        sr1_0.started_at,
        sr1_0.status,
        sr1_0.total_ticks,
        sr1_0.version_id 
    from
        lift_simulator.simulation_run sr1_0
Hibernate: 
    select
        sr1_0.id,
        sr1_0.artefact_base_path,
        sr1_0.created_at,
        sr1_0.current_tick,
        sr1_0.ended_at,
        sr1_0.error_message,
        sr1_0.lift_system_id,
        sr1_0.scenario_id,
        sr1_0.seed,
        sr1_0.started_at,
        sr1_0.status,
        sr1_0.total_ticks,
        sr1_0.version_id 
    from
        lift_simulator.simulation_run sr1_0
2026-01-24 10:56:22.279 [main] DEBUG org.hibernate.SQL - 
    delete 
    from
        lift_simulator.simulation_run 
    where
        id=?
Hibernate: 
    delete 
    from
        lift_simulator.simulation_run 
    where
        id=?
2026-01-24 10:56:22.292 [main] DEBUG org.hibernate.SQL - 
    select
        ss1_0.id,
        ss1_0.created_at,
        ss1_0.name,
        ss1_0.scenario_json,
        ss1_0.updated_at 
    from
        lift_simulator.simulation_scenario ss1_0
Hibernate: 
    select
        ss1_0.id,
        ss1_0.created_at,
        ss1_0.name,
        ss1_0.scenario_json,
        ss1_0.updated_at 
    from
        lift_simulator.simulation_scenario ss1_0
2026-01-24 10:56:22.294 [main] DEBUG org.hibernate.SQL - 
    delete 
    from
        lift_simulator.simulation_scenario 
    where
        id=?
Hibernate: 
    delete 
    from
        lift_simulator.simulation_scenario 
    where
        id=?
2026-01-24 10:56:22.299 [main] DEBUG org.hibernate.SQL - 
    select
        lsv1_0.id,
        lsv1_0.config,
        lsv1_0.created_at,
        lsv1_0.is_published,
        lsv1_0.lift_system_id,
        lsv1_0.published_at,
        lsv1_0.status,
        lsv1_0.updated_at,
        lsv1_0.version_number 
    from
        lift_simulator.lift_system_version lsv1_0
Hibernate: 
    select
        lsv1_0.id,
        lsv1_0.config,
        lsv1_0.created_at,
        lsv1_0.is_published,
        lsv1_0.lift_system_id,
        lsv1_0.published_at,
        lsv1_0.status,
        lsv1_0.updated_at,
        lsv1_0.version_number 
    from
        lift_simulator.lift_system_version lsv1_0
2026-01-24 10:56:22.302 [main] DEBUG org.hibernate.SQL - 
    delete 
    from
        lift_simulator.lift_system_version 
    where
        id=?
Hibernate: 
    delete 
    from
        lift_simulator.lift_system_version 
    where
        id=?
2026-01-24 10:56:22.404 [main] DEBUG org.hibernate.SQL - 
    select
        ls1_0.id,
        ls1_0.created_at,
        ls1_0.description,
        ls1_0.display_name,
        ls1_0.system_key,
        ls1_0.updated_at 
    from
        lift_simulator.lift_system ls1_0
Hibernate: 
    select
        ls1_0.id,
        ls1_0.created_at,
        ls1_0.description,
        ls1_0.display_name,
        ls1_0.system_key,
        ls1_0.updated_at 
    from
        lift_simulator.lift_system ls1_0
2026-01-24 10:56:22.408 [main] DEBUG org.hibernate.SQL - 
    select
        v1_0.lift_system_id,
        v1_0.id,
        v1_0.config,
        v1_0.created_at,
        v1_0.is_published,
        v1_0.published_at,
        v1_0.status,
        v1_0.updated_at,
        v1_0.version_number 
    from
        lift_simulator.lift_system_version v1_0 
    where
        v1_0.lift_system_id=?
Hibernate: 
    select
        v1_0.lift_system_id,
        v1_0.id,
        v1_0.config,
        v1_0.created_at,
        v1_0.is_published,
        v1_0.published_at,
        v1_0.status,
        v1_0.updated_at,
        v1_0.version_number 
    from
        lift_simulator.lift_system_version v1_0 
    where
        v1_0.lift_system_id=?
2026-01-24 10:56:22.411 [main] DEBUG org.hibernate.SQL - 
    delete 
    from
        lift_simulator.lift_system 
    where
        id=?
Hibernate: 
    delete 
    from
        lift_simulator.lift_system 
    where
        id=?
2026-01-24 10:56:22.425 [main] DEBUG org.hibernate.SQL - 
    insert 
    into
        lift_simulator.lift_system
        (created_at, description, display_name, system_key, updated_at) 
    values
        (?, ?, ?, ?, ?)
Hibernate: 
    insert 
    into
        lift_simulator.lift_system
        (created_at, description, display_name, system_key, updated_at) 
    values
        (?, ?, ?, ?, ?)
2026-01-24 10:56:22.425 [main] DEBUG org.hibernate.SQL - 
    insert 
    into
        lift_simulator.lift_system_version
        (config, created_at, is_published, lift_system_id, published_at, status, updated_at, version_number) 
    values
        (?, ?, ?, ?, ?, ?, ?, ?)
Hibernate: 
    insert 
    into
        lift_simulator.lift_system_version
        (config, created_at, is_published, lift_system_id, published_at, status, updated_at, version_number) 
    values
        (?, ?, ?, ?, ?, ?, ?, ?)
2026-01-24 10:56:22.425 [main] DEBUG org.hibernate.SQL - 
    insert 
    into
        lift_simulator.simulation_scenario
        (created_at, name, scenario_json, updated_at) 
    values
        (?, ?, ?, ?)
Hibernate: 
    insert 
    into
        lift_simulator.simulation_scenario
        (created_at, name, scenario_json, updated_at) 
    values
        (?, ?, ?, ?)
2026-01-24 10:56:22.453 [main] DEBUG org.hibernate.SQL - 
    select
        ls1_0.id,
        ls1_0.created_at,
        ls1_0.description,
        ls1_0.display_name,
        ls1_0.system_key,
        ls1_0.updated_at 
    from
        lift_simulator.lift_system ls1_0 
    where
        ls1_0.id=?
Hibernate: 
    select
        ls1_0.id,
        ls1_0.created_at,
        ls1_0.description,
        ls1_0.display_name,
        ls1_0.system_key,
        ls1_0.updated_at 
    from
        lift_simulator.lift_system ls1_0 
    where
        ls1_0.id=?
2026-01-24 10:56:22.456 [main] DEBUG org.hibernate.SQL - 
    select
        lsv1_0.id,
        lsv1_0.config,
        lsv1_0.created_at,
        lsv1_0.is_published,
        lsv1_0.lift_system_id,
        lsv1_0.published_at,
        lsv1_0.status,
        lsv1_0.updated_at,
        lsv1_0.version_number 
    from
        lift_simulator.lift_system_version lsv1_0 
    where
        lsv1_0.id=?
Hibernate: 
    select
        lsv1_0.id,
        lsv1_0.config,
        lsv1_0.created_at,
        lsv1_0.is_published,
        lsv1_0.lift_system_id,
        lsv1_0.published_at,
        lsv1_0.status,
        lsv1_0.updated_at,
        lsv1_0.version_number 
    from
        lift_simulator.lift_system_version lsv1_0 
    where
        lsv1_0.id=?
2026-01-24 10:56:22.459 [main] DEBUG org.hibernate.SQL - 
    select
        ss1_0.id,
        ss1_0.created_at,
        ss1_0.name,
        ss1_0.scenario_json,
        ss1_0.updated_at 
    from
        lift_simulator.simulation_scenario ss1_0 
    where
        ss1_0.id=?
Hibernate: 
    select
        ss1_0.id,
        ss1_0.created_at,
        ss1_0.name,
        ss1_0.scenario_json,
        ss1_0.updated_at 
    from
        lift_simulator.simulation_scenario ss1_0 
    where
        ss1_0.id=?
2026-01-24 10:56:22.461 [main] DEBUG org.hibernate.SQL - 
    insert 
    into
        lift_simulator.simulation_run
        (artefact_base_path, created_at, current_tick, ended_at, error_message, lift_system_id, scenario_id, seed, started_at, status, total_ticks, version_id) 
    values
        (?, ?, ?, ?, ?, ?, ?, ?, ?, ?, ?, ?)
Hibernate: 
    insert 
    into
        lift_simulator.simulation_run
        (artefact_base_path, created_at, current_tick, ended_at, error_message, lift_system_id, scenario_id, seed, started_at, status, total_ticks, version_id) 
    values
        (?, ?, ?, ?, ?, ?, ?, ?, ?, ?, ?, ?)
2026-01-24 10:56:22.475 [main] DEBUG org.hibernate.SQL - 
    update
        lift_simulator.simulation_run 
    set
        artefact_base_path=?,
        current_tick=?,
        ended_at=?,
        error_message=?,
        lift_system_id=?,
        scenario_id=?,
        seed=?,
        started_at=?,
        status=?,
        total_ticks=?,
        version_id=? 
    where
        id=?
Hibernate: 
    update
        lift_simulator.simulation_run 
    set
        artefact_base_path=?,
        current_tick=?,
        ended_at=?,
        error_message=?,
        lift_system_id=?,
        scenario_id=?,
        seed=?,
        started_at=?,
        status=?,
        total_ticks=?,
        version_id=? 
    where
        id=?
2026-01-24 10:56:22.477 [simulation-runner-1] DEBUG org.hibernate.SQL - 
    select
        sr1_0.id,
        sr1_0.artefact_base_path,
        sr1_0.created_at,
        sr1_0.current_tick,
        sr1_0.ended_at,
        sr1_0.error_message,
        sr1_0.lift_system_id,
        sr1_0.scenario_id,
        sr1_0.seed,
        sr1_0.started_at,
        sr1_0.status,
        sr1_0.total_ticks,
        sr1_0.version_id 
    from
        lift_simulator.simulation_run sr1_0 
    where
        sr1_0.id=?
Hibernate: 
    select
        sr1_0.id,
        sr1_0.artefact_base_path,
        sr1_0.created_at,
        sr1_0.current_tick,
        sr1_0.ended_at,
        sr1_0.error_message,
        sr1_0.lift_system_id,
        sr1_0.scenario_id,
        sr1_0.seed,
        sr1_0.started_at,
        sr1_0.status,
        sr1_0.total_ticks,
        sr1_0.version_id 
    from
        lift_simulator.simulation_run sr1_0 
    where
        sr1_0.id=?
2026-01-24 10:56:22.483 [simulation-runner-1] DEBUG org.hibernate.SQL - 
    update
        lift_simulator.simulation_run 
    set
        artefact_base_path=?,
        current_tick=?,
        ended_at=?,
        error_message=?,
        lift_system_id=?,
        scenario_id=?,
        seed=?,
        started_at=?,
        status=?,
        total_ticks=?,
        version_id=? 
    where
        id=?
Hibernate: 
    update
        lift_simulator.simulation_run 
    set
        artefact_base_path=?,
        current_tick=?,
        ended_at=?,
        error_message=?,
        lift_system_id=?,
        scenario_id=?,
        seed=?,
        started_at=?,
        status=?,
        total_ticks=?,
        version_id=? 
    where
        id=?
2026-01-24 10:56:22.503 [main] DEBUG org.hibernate.SQL - 
    select
        sr1_0.id,
        sr1_0.artefact_base_path,
        sr1_0.created_at,
        sr1_0.current_tick,
        sr1_0.ended_at,
        sr1_0.error_message,
        sr1_0.lift_system_id,
        sr1_0.scenario_id,
        sr1_0.seed,
        sr1_0.started_at,
        sr1_0.status,
        sr1_0.total_ticks,
        sr1_0.version_id 
    from
        lift_simulator.simulation_run sr1_0 
    where
        sr1_0.id=?
Hibernate: 
    select
        sr1_0.id,
        sr1_0.artefact_base_path,
        sr1_0.created_at,
        sr1_0.current_tick,
        sr1_0.ended_at,
        sr1_0.error_message,
        sr1_0.lift_system_id,
        sr1_0.scenario_id,
        sr1_0.seed,
        sr1_0.started_at,
        sr1_0.status,
        sr1_0.total_ticks,
        sr1_0.version_id 
    from
        lift_simulator.simulation_run sr1_0 
    where
        sr1_0.id=?
2026-01-24 10:56:22.601 [simulation-runner-1] DEBUG org.hibernate.SQL - 
    select
        sr1_0.id,
        sr1_0.artefact_base_path,
        sr1_0.created_at,
        sr1_0.current_tick,
        sr1_0.ended_at,
        sr1_0.error_message,
        sr1_0.lift_system_id,
        sr1_0.scenario_id,
        sr1_0.seed,
        sr1_0.started_at,
        sr1_0.status,
        sr1_0.total_ticks,
        sr1_0.version_id 
    from
        lift_simulator.simulation_run sr1_0 
    where
        sr1_0.id=?
Hibernate: 
    select
        sr1_0.id,
        sr1_0.artefact_base_path,
        sr1_0.created_at,
        sr1_0.current_tick,
        sr1_0.ended_at,
        sr1_0.error_message,
        sr1_0.lift_system_id,
        sr1_0.scenario_id,
        sr1_0.seed,
        sr1_0.started_at,
        sr1_0.status,
        sr1_0.total_ticks,
        sr1_0.version_id 
    from
        lift_simulator.simulation_run sr1_0 
    where
        sr1_0.id=?
2026-01-24 10:56:22.604 [simulation-runner-1] DEBUG org.hibernate.SQL - 
    update
        lift_simulator.simulation_run 
    set
        artefact_base_path=?,
        current_tick=?,
        ended_at=?,
        error_message=?,
        lift_system_id=?,
        scenario_id=?,
        seed=?,
        started_at=?,
        status=?,
        total_ticks=?,
        version_id=? 
    where
        id=?
Hibernate: 
    update
        lift_simulator.simulation_run 
    set
        artefact_base_path=?,
        current_tick=?,
        ended_at=?,
        error_message=?,
        lift_system_id=?,
        scenario_id=?,
        seed=?,
        started_at=?,
        status=?,
        total_ticks=?,
        version_id=? 
    where
        id=?
2026-01-24 10:56:22.609 [simulation-runner-1] DEBUG org.hibernate.SQL - 
    select
        sr1_0.id,
        sr1_0.artefact_base_path,
        sr1_0.created_at,
        sr1_0.current_tick,
        sr1_0.ended_at,
        sr1_0.error_message,
        sr1_0.lift_system_id,
        sr1_0.scenario_id,
        sr1_0.seed,
        sr1_0.started_at,
        sr1_0.status,
        sr1_0.total_ticks,
        sr1_0.version_id 
    from
        lift_simulator.simulation_run sr1_0 
    where
        sr1_0.id=?
Hibernate: 
    select
        sr1_0.id,
        sr1_0.artefact_base_path,
        sr1_0.created_at,
        sr1_0.current_tick,
        sr1_0.ended_at,
        sr1_0.error_message,
        sr1_0.lift_system_id,
        sr1_0.scenario_id,
        sr1_0.seed,
        sr1_0.started_at,
        sr1_0.status,
        sr1_0.total_ticks,
        sr1_0.version_id 
    from
        lift_simulator.simulation_run sr1_0 
    where
        sr1_0.id=?
2026-01-24 10:56:22.610 [main] DEBUG org.hibernate.SQL - 
    select
        sr1_0.id,
        sr1_0.artefact_base_path,
        sr1_0.created_at,
        sr1_0.current_tick,
        sr1_0.ended_at,
        sr1_0.error_message,
        sr1_0.lift_system_id,
        sr1_0.scenario_id,
        sr1_0.seed,
        sr1_0.started_at,
        sr1_0.status,
        sr1_0.total_ticks,
        sr1_0.version_id 
    from
        lift_simulator.simulation_run sr1_0 
    where
        sr1_0.id=?
Hibernate: 
    select
        sr1_0.id,
        sr1_0.artefact_base_path,
        sr1_0.created_at,
        sr1_0.current_tick,
        sr1_0.ended_at,
        sr1_0.error_message,
        sr1_0.lift_system_id,
        sr1_0.scenario_id,
        sr1_0.seed,
        sr1_0.started_at,
        sr1_0.status,
        sr1_0.total_ticks,
        sr1_0.version_id 
    from
        lift_simulator.simulation_run sr1_0 
    where
        sr1_0.id=?
2026-01-24 10:56:22.648 [simulation-runner-1] DEBUG org.hibernate.SQL - 
    select
        sr1_0.id,
        sr1_0.artefact_base_path,
        sr1_0.created_at,
        sr1_0.current_tick,
        sr1_0.ended_at,
        sr1_0.error_message,
        sr1_0.lift_system_id,
        sr1_0.scenario_id,
        sr1_0.seed,
        sr1_0.started_at,
        sr1_0.status,
        sr1_0.total_ticks,
        sr1_0.version_id 
    from
        lift_simulator.simulation_run sr1_0 
    where
        sr1_0.id=?
Hibernate: 
    select
        sr1_0.id,
        sr1_0.artefact_base_path,
        sr1_0.created_at,
        sr1_0.current_tick,
        sr1_0.ended_at,
        sr1_0.error_message,
        sr1_0.lift_system_id,
        sr1_0.scenario_id,
        sr1_0.seed,
        sr1_0.started_at,
        sr1_0.status,
        sr1_0.total_ticks,
        sr1_0.version_id 
    from
        lift_simulator.simulation_run sr1_0 
    where
        sr1_0.id=?
2026-01-24 10:56:22.653 [simulation-runner-1] DEBUG org.hibernate.SQL - 
    update
        lift_simulator.simulation_run 
    set
        artefact_base_path=?,
        current_tick=?,
        ended_at=?,
        error_message=?,
        lift_system_id=?,
        scenario_id=?,
        seed=?,
        started_at=?,
        status=?,
        total_ticks=?,
        version_id=? 
    where
        id=?
Hibernate: 
    update
        lift_simulator.simulation_run 
    set
        artefact_base_path=?,
        current_tick=?,
        ended_at=?,
        error_message=?,
        lift_system_id=?,
        scenario_id=?,
        seed=?,
        started_at=?,
        status=?,
        total_ticks=?,
        version_id=? 
    where
        id=?
2026-01-24 10:56:22.658 [ForkJoinPool.commonPool-worker-1] DEBUG org.hibernate.SQL - 
    select
        sr1_0.id,
        sr1_0.artefact_base_path,
        sr1_0.created_at,
        sr1_0.current_tick,
        sr1_0.ended_at,
        sr1_0.error_message,
        sr1_0.lift_system_id,
        sr1_0.scenario_id,
        sr1_0.seed,
        sr1_0.started_at,
        sr1_0.status,
        sr1_0.total_ticks,
        sr1_0.version_id 
    from
        lift_simulator.simulation_run sr1_0 
    where
        sr1_0.id=?
Hibernate: 
    select
        sr1_0.id,
        sr1_0.artefact_base_path,
        sr1_0.created_at,
        sr1_0.current_tick,
        sr1_0.ended_at,
        sr1_0.error_message,
        sr1_0.lift_system_id,
        sr1_0.scenario_id,
        sr1_0.seed,
        sr1_0.started_at,
        sr1_0.status,
        sr1_0.total_ticks,
        sr1_0.version_id 
    from
        lift_simulator.simulation_run sr1_0 
    where
        sr1_0.id=?
2026-01-24 10:56:22.663 [simulation-runner-1] DEBUG org.hibernate.SQL - 
    select
        sr1_0.id,
        sr1_0.artefact_base_path,
        sr1_0.created_at,
        sr1_0.current_tick,
        sr1_0.ended_at,
        sr1_0.error_message,
        sr1_0.lift_system_id,
        sr1_0.scenario_id,
        sr1_0.seed,
        sr1_0.started_at,
        sr1_0.status,
        sr1_0.total_ticks,
        sr1_0.version_id 
    from
        lift_simulator.simulation_run sr1_0 
    where
        sr1_0.id=?
Hibernate: 
    select
        sr1_0.id,
        sr1_0.artefact_base_path,
        sr1_0.created_at,
        sr1_0.current_tick,
        sr1_0.ended_at,
        sr1_0.error_message,
        sr1_0.lift_system_id,
        sr1_0.scenario_id,
        sr1_0.seed,
        sr1_0.started_at,
        sr1_0.status,
        sr1_0.total_ticks,
        sr1_0.version_id 
    from
        lift_simulator.simulation_run sr1_0 
    where
        sr1_0.id=?
2026-01-24 10:56:22.667 [simulation-runner-1] DEBUG org.hibernate.SQL - 
    update
        lift_simulator.simulation_run 
    set
        artefact_base_path=?,
        current_tick=?,
        ended_at=?,
        error_message=?,
        lift_system_id=?,
        scenario_id=?,
        seed=?,
        started_at=?,
        status=?,
        total_ticks=?,
        version_id=? 
    where
        id=?
Hibernate: 
    update
        lift_simulator.simulation_run 
    set
        artefact_base_path=?,
        current_tick=?,
        ended_at=?,
        error_message=?,
        lift_system_id=?,
        scenario_id=?,
        seed=?,
        started_at=?,
        status=?,
        total_ticks=?,
        version_id=? 
    where
        id=?
2026-01-24 10:56:22.669 [ForkJoinPool.commonPool-worker-1] DEBUG org.hibernate.SQL - 
    select
        sr1_0.id,
        sr1_0.artefact_base_path,
        sr1_0.created_at,
        sr1_0.current_tick,
        sr1_0.ended_at,
        sr1_0.error_message,
        sr1_0.lift_system_id,
        sr1_0.scenario_id,
        sr1_0.seed,
        sr1_0.started_at,
        sr1_0.status,
        sr1_0.total_ticks,
        sr1_0.version_id 
    from
        lift_simulator.simulation_run sr1_0 
    where
        sr1_0.id=?
Hibernate: 
    select
        sr1_0.id,
        sr1_0.artefact_base_path,
        sr1_0.created_at,
        sr1_0.current_tick,
        sr1_0.ended_at,
        sr1_0.error_message,
        sr1_0.lift_system_id,
        sr1_0.scenario_id,
        sr1_0.seed,
        sr1_0.started_at,
        sr1_0.status,
        sr1_0.total_ticks,
        sr1_0.version_id 
    from
        lift_simulator.simulation_run sr1_0 
    where
        sr1_0.id=?
2026-01-24 10:56:22.672 [simulation-runner-1] DEBUG org.hibernate.SQL - 
    select
        sr1_0.id,
        sr1_0.artefact_base_path,
        sr1_0.created_at,
        sr1_0.current_tick,
        sr1_0.ended_at,
        sr1_0.error_message,
        sr1_0.lift_system_id,
        sr1_0.scenario_id,
        sr1_0.seed,
        sr1_0.started_at,
        sr1_0.status,
        sr1_0.total_ticks,
        sr1_0.version_id 
    from
        lift_simulator.simulation_run sr1_0 
    where
        sr1_0.id=?
Hibernate: 
    select
        sr1_0.id,
        sr1_0.artefact_base_path,
        sr1_0.created_at,
        sr1_0.current_tick,
        sr1_0.ended_at,
        sr1_0.error_message,
        sr1_0.lift_system_id,
        sr1_0.scenario_id,
        sr1_0.seed,
        sr1_0.started_at,
        sr1_0.status,
        sr1_0.total_ticks,
        sr1_0.version_id 
    from
        lift_simulator.simulation_run sr1_0 
    where
        sr1_0.id=?
2026-01-24 10:56:22.676 [ForkJoinPool.commonPool-worker-1] DEBUG org.hibernate.SQL - 
    update
        lift_simulator.simulation_run 
    set
        artefact_base_path=?,
        current_tick=?,
        ended_at=?,
        error_message=?,
        lift_system_id=?,
        scenario_id=?,
        seed=?,
        started_at=?,
        status=?,
        total_ticks=?,
        version_id=? 
    where
        id=?
2026-01-24 10:56:22.676 [simulation-runner-1] DEBUG org.hibernate.SQL - 
    update
        lift_simulator.simulation_run 
    set
        artefact_base_path=?,
        current_tick=?,
        ended_at=?,
        error_message=?,
        lift_system_id=?,
        scenario_id=?,
        seed=?,
        started_at=?,
        status=?,
        total_ticks=?,
        version_id=? 
    where
        id=?
Hibernate: 
    update
        lift_simulator.simulation_run 
    set
        artefact_base_path=?,
        current_tick=?,
        ended_at=?,
        error_message=?,
        lift_system_id=?,
        scenario_id=?,
        seed=?,
        started_at=?,
        status=?,
        total_ticks=?,
        version_id=? 
    where
        id=?
Hibernate: 
    update
        lift_simulator.simulation_run 
    set
        artefact_base_path=?,
        current_tick=?,
        ended_at=?,
        error_message=?,
        lift_system_id=?,
        scenario_id=?,
        seed=?,
        started_at=?,
        status=?,
        total_ticks=?,
        version_id=? 
    where
        id=?
2026-01-24 10:56:22.693 [simulation-runner-1] DEBUG org.hibernate.SQL - 
    select
        sr1_0.id,
        sr1_0.artefact_base_path,
        sr1_0.created_at,
        sr1_0.current_tick,
        sr1_0.ended_at,
        sr1_0.error_message,
        sr1_0.lift_system_id,
        sr1_0.scenario_id,
        sr1_0.seed,
        sr1_0.started_at,
        sr1_0.status,
        sr1_0.total_ticks,
        sr1_0.version_id 
    from
        lift_simulator.simulation_run sr1_0 
    where
        sr1_0.id=?
Hibernate: 
    select
        sr1_0.id,
        sr1_0.artefact_base_path,
        sr1_0.created_at,
        sr1_0.current_tick,
        sr1_0.ended_at,
        sr1_0.error_message,
        sr1_0.lift_system_id,
        sr1_0.scenario_id,
        sr1_0.seed,
        sr1_0.started_at,
        sr1_0.status,
        sr1_0.total_ticks,
        sr1_0.version_id 
    from
        lift_simulator.simulation_run sr1_0 
    where
        sr1_0.id=?
2026-01-24 10:56:22.697 [simulation-runner-1] DEBUG org.hibernate.SQL - 
    update
        lift_simulator.simulation_run 
    set
        artefact_base_path=?,
        current_tick=?,
        ended_at=?,
        error_message=?,
        lift_system_id=?,
        scenario_id=?,
        seed=?,
        started_at=?,
        status=?,
        total_ticks=?,
        version_id=? 
    where
        id=?
Hibernate: 
    update
        lift_simulator.simulation_run 
    set
        artefact_base_path=?,
        current_tick=?,
        ended_at=?,
        error_message=?,
        lift_system_id=?,
        scenario_id=?,
        seed=?,
        started_at=?,
        status=?,
        total_ticks=?,
        version_id=? 
    where
        id=?
2026-01-24 10:56:22.707 [ForkJoinPool.commonPool-worker-1] DEBUG org.hibernate.SQL - 
    select
        sr1_0.id,
        sr1_0.artefact_base_path,
        sr1_0.created_at,
        sr1_0.current_tick,
        sr1_0.ended_at,
        sr1_0.error_message,
        sr1_0.lift_system_id,
        sr1_0.scenario_id,
        sr1_0.seed,
        sr1_0.started_at,
        sr1_0.status,
        sr1_0.total_ticks,
        sr1_0.version_id 
    from
        lift_simulator.simulation_run sr1_0 
    where
        sr1_0.id=?
Hibernate: 
    select
        sr1_0.id,
        sr1_0.artefact_base_path,
        sr1_0.created_at,
        sr1_0.current_tick,
        sr1_0.ended_at,
        sr1_0.error_message,
        sr1_0.lift_system_id,
        sr1_0.scenario_id,
        sr1_0.seed,
        sr1_0.started_at,
        sr1_0.status,
        sr1_0.total_ticks,
        sr1_0.version_id 
    from
        lift_simulator.simulation_run sr1_0 
    where
        sr1_0.id=?
2026-01-24 10:56:22.708 [simulation-runner-1] DEBUG org.hibernate.SQL - 
    select
        sr1_0.id,
        sr1_0.artefact_base_path,
        sr1_0.created_at,
        sr1_0.current_tick,
        sr1_0.ended_at,
        sr1_0.error_message,
        sr1_0.lift_system_id,
        sr1_0.scenario_id,
        sr1_0.seed,
        sr1_0.started_at,
        sr1_0.status,
        sr1_0.total_ticks,
        sr1_0.version_id 
    from
        lift_simulator.simulation_run sr1_0 
    where
        sr1_0.id=?
Hibernate: 
    select
        sr1_0.id,
        sr1_0.artefact_base_path,
        sr1_0.created_at,
        sr1_0.current_tick,
        sr1_0.ended_at,
        sr1_0.error_message,
        sr1_0.lift_system_id,
        sr1_0.scenario_id,
        sr1_0.seed,
        sr1_0.started_at,
        sr1_0.status,
        sr1_0.total_ticks,
        sr1_0.version_id 
    from
        lift_simulator.simulation_run sr1_0 
    where
        sr1_0.id=?
2026-01-24 10:56:22.713 [ForkJoinPool.commonPool-worker-1] DEBUG org.hibernate.SQL - 
    update
        lift_simulator.simulation_run 
    set
        artefact_base_path=?,
        current_tick=?,
        ended_at=?,
        error_message=?,
        lift_system_id=?,
        scenario_id=?,
        seed=?,
        started_at=?,
        status=?,
        total_ticks=?,
        version_id=? 
    where
        id=?
Hibernate: 
    update
        lift_simulator.simulation_run 
    set
        artefact_base_path=?,
        current_tick=?,
        ended_at=?,
        error_message=?,
        lift_system_id=?,
        scenario_id=?,
        seed=?,
        started_at=?,
        status=?,
        total_ticks=?,
        version_id=? 
    where
        id=?
2026-01-24 10:56:22.713 [simulation-runner-1] DEBUG org.hibernate.SQL - 
    update
        lift_simulator.simulation_run 
    set
        artefact_base_path=?,
        current_tick=?,
        ended_at=?,
        error_message=?,
        lift_system_id=?,
        scenario_id=?,
        seed=?,
        started_at=?,
        status=?,
        total_ticks=?,
        version_id=? 
    where
        id=?
Hibernate: 
    update
        lift_simulator.simulation_run 
    set
        artefact_base_path=?,
        current_tick=?,
        ended_at=?,
        error_message=?,
        lift_system_id=?,
        scenario_id=?,
        seed=?,
        started_at=?,
        status=?,
        total_ticks=?,
        version_id=? 
    where
        id=?
2026-01-24 10:56:22.718 [simulation-runner-1] DEBUG org.hibernate.SQL - 
    select
        sr1_0.id,
        sr1_0.artefact_base_path,
        sr1_0.created_at,
        sr1_0.current_tick,
        sr1_0.ended_at,
        sr1_0.error_message,
        sr1_0.lift_system_id,
        sr1_0.scenario_id,
        sr1_0.seed,
        sr1_0.started_at,
        sr1_0.status,
        sr1_0.total_ticks,
        sr1_0.version_id 
    from
        lift_simulator.simulation_run sr1_0 
    where
        sr1_0.id=?
Hibernate: 
    select
        sr1_0.id,
        sr1_0.artefact_base_path,
        sr1_0.created_at,
        sr1_0.current_tick,
        sr1_0.ended_at,
        sr1_0.error_message,
        sr1_0.lift_system_id,
        sr1_0.scenario_id,
        sr1_0.seed,
        sr1_0.started_at,
        sr1_0.status,
        sr1_0.total_ticks,
        sr1_0.version_id 
    from
        lift_simulator.simulation_run sr1_0 
    where
        sr1_0.id=?
2026-01-24 10:56:22.722 [simulation-runner-1] ERROR c.l.a.s.SimulationRunExecutionService - Simulation run 181 failed
java.lang.IllegalStateException: Can only succeed a run in RUNNING state. Current state: SUCCEEDED
	at com.liftsimulator.admin.entity.SimulationRun.succeed(SimulationRun.java:123)
	at com.liftsimulator.admin.service.SimulationRunService.succeedRun(SimulationRunService.java:277)
	at java.base/jdk.internal.reflect.DirectMethodHandleAccessor.invoke(DirectMethodHandleAccessor.java:103)
	at java.base/java.lang.reflect.Method.invoke(Method.java:580)
	at org.springframework.aop.support.AopUtils.invokeJoinpointUsingReflection(AopUtils.java:352)
	at org.springframework.aop.framework.ReflectiveMethodInvocation.invokeJoinpoint(ReflectiveMethodInvocation.java:196)
	at org.springframework.aop.framework.ReflectiveMethodInvocation.proceed(ReflectiveMethodInvocation.java:163)
	at org.springframework.aop.framework.CglibAopProxy$CglibMethodInvocation.proceed(CglibAopProxy.java:765)
	at org.springframework.transaction.interceptor.TransactionInterceptor$1.proceedWithInvocation(TransactionInterceptor.java:123)
	at org.springframework.transaction.interceptor.TransactionAspectSupport.invokeWithinTransaction(TransactionAspectSupport.java:385)
	at org.springframework.transaction.interceptor.TransactionInterceptor.invoke(TransactionInterceptor.java:119)
	at org.springframework.aop.framework.ReflectiveMethodInvocation.proceed(ReflectiveMethodInvocation.java:184)
	at org.springframework.aop.framework.CglibAopProxy$CglibMethodInvocation.proceed(CglibAopProxy.java:765)
	at org.springframework.aop.framework.CglibAopProxy$DynamicAdvisedInterceptor.intercept(CglibAopProxy.java:717)
	at com.liftsimulator.admin.service.SimulationRunService$$SpringCGLIB$$0.succeedRun(<generated>)
	at com.liftsimulator.admin.service.SimulationRunExecutionService.executeRun(SimulationRunExecutionService.java:183)
	at com.liftsimulator.admin.service.SimulationRunExecutionService.lambda$submitRunForExecution$1(SimulationRunExecutionService.java:115)
	at java.base/java.util.concurrent.ThreadPoolExecutor.runWorker(ThreadPoolExecutor.java:1144)
	at java.base/java.util.concurrent.ThreadPoolExecutor$Worker.run(ThreadPoolExecutor.java:642)
	at java.base/java.lang.Thread.run(Thread.java:1570)
2026-01-24 10:56:22.724 [simulation-runner-1] DEBUG org.hibernate.SQL - 
    select
        sr1_0.id,
        sr1_0.artefact_base_path,
        sr1_0.created_at,
        sr1_0.current_tick,
        sr1_0.ended_at,
        sr1_0.error_message,
        sr1_0.lift_system_id,
        sr1_0.scenario_id,
        sr1_0.seed,
        sr1_0.started_at,
        sr1_0.status,
        sr1_0.total_ticks,
        sr1_0.version_id 
    from
        lift_simulator.simulation_run sr1_0 
    where
        sr1_0.id=?
Hibernate: 
    select
        sr1_0.id,
        sr1_0.artefact_base_path,
        sr1_0.created_at,
        sr1_0.current_tick,
        sr1_0.ended_at,
        sr1_0.error_message,
        sr1_0.lift_system_id,
        sr1_0.scenario_id,
        sr1_0.seed,
        sr1_0.started_at,
        sr1_0.status,
        sr1_0.total_ticks,
        sr1_0.version_id 
    from
        lift_simulator.simulation_run sr1_0 
    where
        sr1_0.id=?
2026-01-24 10:56:22.728 [main] DEBUG org.hibernate.SQL - 
    select
        sr1_0.id,
        sr1_0.artefact_base_path,
        sr1_0.created_at,
        sr1_0.current_tick,
        sr1_0.ended_at,
        sr1_0.error_message,
        sr1_0.lift_system_id,
        sr1_0.scenario_id,
        sr1_0.seed,
        sr1_0.started_at,
        sr1_0.status,
        sr1_0.total_ticks,
        sr1_0.version_id 
    from
        lift_simulator.simulation_run sr1_0 
    where
        sr1_0.id=?
Hibernate: 
    select
        sr1_0.id,
        sr1_0.artefact_base_path,
        sr1_0.created_at,
        sr1_0.current_tick,
        sr1_0.ended_at,
        sr1_0.error_message,
        sr1_0.lift_system_id,
        sr1_0.scenario_id,
        sr1_0.seed,
        sr1_0.started_at,
        sr1_0.status,
        sr1_0.total_ticks,
        sr1_0.version_id 
    from
        lift_simulator.simulation_run sr1_0 
    where
        sr1_0.id=?
2026-01-24 10:56:22.728 [simulation-runner-1] ERROR c.l.a.s.SimulationRunExecutionService - Failed to mark run 181 as failed
java.lang.IllegalStateException: Can only fail a run in RUNNING state. Current state: SUCCEEDED
	at com.liftsimulator.admin.entity.SimulationRun.fail(SimulationRun.java:137)
	at com.liftsimulator.admin.service.SimulationRunService.failRun(SimulationRunService.java:294)
	at java.base/jdk.internal.reflect.DirectMethodHandleAccessor.invoke(DirectMethodHandleAccessor.java:103)
	at java.base/java.lang.reflect.Method.invoke(Method.java:580)
	at org.springframework.aop.support.AopUtils.invokeJoinpointUsingReflection(AopUtils.java:352)
	at org.springframework.aop.framework.ReflectiveMethodInvocation.invokeJoinpoint(ReflectiveMethodInvocation.java:196)
	at org.springframework.aop.framework.ReflectiveMethodInvocation.proceed(ReflectiveMethodInvocation.java:163)
	at org.springframework.aop.framework.CglibAopProxy$CglibMethodInvocation.proceed(CglibAopProxy.java:765)
	at org.springframework.transaction.interceptor.TransactionInterceptor$1.proceedWithInvocation(TransactionInterceptor.java:123)
	at org.springframework.transaction.interceptor.TransactionAspectSupport.invokeWithinTransaction(TransactionAspectSupport.java:385)
	at org.springframework.transaction.interceptor.TransactionInterceptor.invoke(TransactionInterceptor.java:119)
	at org.springframework.aop.framework.ReflectiveMethodInvocation.proceed(ReflectiveMethodInvocation.java:184)
	at org.springframework.aop.framework.CglibAopProxy$CglibMethodInvocation.proceed(CglibAopProxy.java:765)
	at org.springframework.aop.framework.CglibAopProxy$DynamicAdvisedInterceptor.intercept(CglibAopProxy.java:717)
	at com.liftsimulator.admin.service.SimulationRunService$$SpringCGLIB$$0.failRun(<generated>)
	at com.liftsimulator.admin.service.SimulationRunExecutionService.failRunWithMessage(SimulationRunExecutionService.java:305)
	at com.liftsimulator.admin.service.SimulationRunExecutionService.failRunWithMessage(SimulationRunExecutionService.java:297)
	at com.liftsimulator.admin.service.SimulationRunExecutionService.executeRun(SimulationRunExecutionService.java:189)
	at com.liftsimulator.admin.service.SimulationRunExecutionService.lambda$submitRunForExecution$1(SimulationRunExecutionService.java:115)
	at java.base/java.util.concurrent.ThreadPoolExecutor.runWorker(ThreadPoolExecutor.java:1144)
	at java.base/java.util.concurrent.ThreadPoolExecutor$Worker.run(ThreadPoolExecutor.java:642)
	at java.base/java.lang.Thread.run(Thread.java:1570)
2026-01-24 10:56:22.730 [simulation-runner-1] DEBUG org.hibernate.SQL - 
    select
        sr1_0.id,
        sr1_0.artefact_base_path,
        sr1_0.created_at,
        sr1_0.current_tick,
        sr1_0.ended_at,
        sr1_0.error_message,
        sr1_0.lift_system_id,
        sr1_0.scenario_id,
        sr1_0.seed,
        sr1_0.started_at,
        sr1_0.status,
        sr1_0.total_ticks,
        sr1_0.version_id 
    from
        lift_simulator.simulation_run sr1_0 
    where
        sr1_0.id=?
Hibernate: 
    select
        sr1_0.id,
        sr1_0.artefact_base_path,
        sr1_0.created_at,
        sr1_0.current_tick,
        sr1_0.ended_at,
        sr1_0.error_message,
        sr1_0.lift_system_id,
        sr1_0.scenario_id,
        sr1_0.seed,
        sr1_0.started_at,
        sr1_0.status,
        sr1_0.total_ticks,
        sr1_0.version_id 
    from
        lift_simulator.simulation_run sr1_0 
    where
        sr1_0.id=?
2026-01-24 10:56:22.747 [main] DEBUG org.hibernate.SQL - 
    select
        sr1_0.id,
        sr1_0.artefact_base_path,
        sr1_0.created_at,
        sr1_0.current_tick,
        sr1_0.ended_at,
        sr1_0.error_message,
        sr1_0.lift_system_id,
        sr1_0.scenario_id,
        sr1_0.seed,
        sr1_0.started_at,
        sr1_0.status,
        sr1_0.total_ticks,
        sr1_0.version_id 
    from
        lift_simulator.simulation_run sr1_0 
    where
        sr1_0.id=?
Hibernate: 
    select
        sr1_0.id,
        sr1_0.artefact_base_path,
        sr1_0.created_at,
        sr1_0.current_tick,
        sr1_0.ended_at,
        sr1_0.error_message,
        sr1_0.lift_system_id,
        sr1_0.scenario_id,
        sr1_0.seed,
        sr1_0.started_at,
        sr1_0.status,
        sr1_0.total_ticks,
        sr1_0.version_id 
    from
        lift_simulator.simulation_run sr1_0 
    where
        sr1_0.id=?

MockHttpServletRequest:
      HTTP Method = POST
      Request URI = /api/simulation-runs
       Parameters = {}
          Headers = [Content-Type:"application/json;charset=UTF-8", Content-Length:"65"]
             Body = {"liftSystemId":346,"versionId":310,"scenarioId":196,"seed":4242}
    Session Attrs = {}

Handler:
             Type = com.liftsimulator.admin.controller.SimulationRunController
           Method = com.liftsimulator.admin.controller.SimulationRunController#createSimulationRun(CreateSimulationRunRequest)

Async:
    Async started = false
     Async result = null

Resolved Exception:
             Type = null

ModelAndView:
        View name = null
             View = null
            Model = null

FlashMap:
       Attributes = null

MockHttpServletResponse:
           Status = 201
    Error message = null
          Headers = [Content-Type:"application/json"]
     Content type = application/json
             Body = {"id":181,"liftSystemId":346,"versionId":310,"scenarioId":196,"status":"RUNNING","createdAt":"2026-01-24T10:56:22.4611798+05:30","startedAt":"2026-01-24T10:56:22.4721729+05:30","endedAt":null,"totalTicks":10000,"currentTick":0,"seed":4242,"errorMessage":null,"artefactBasePath":"C:\\Users\\manoj\\AppData\\Local\\Temp\\junit3035579791696545345\\run-181","progressPercentage":0.0}
    Forwarded URL = null
   Redirected URL = null
          Cookies = []

MockHttpServletRequest:
      HTTP Method = GET
      Request URI = /api/simulation-runs/181
       Parameters = {}
          Headers = []
             Body = null
    Session Attrs = {}

Handler:
             Type = com.liftsimulator.admin.controller.SimulationRunController
           Method = com.liftsimulator.admin.controller.SimulationRunController#getSimulationRun(Long)

Async:
    Async started = false
     Async result = null

Resolved Exception:
             Type = null

ModelAndView:
        View name = null
             View = null
            Model = null

FlashMap:
       Attributes = null

MockHttpServletResponse:
           Status = 200
    Error message = null
          Headers = [Content-Type:"application/json"]
     Content type = application/json
             Body = {"id":181,"liftSystemId":346,"versionId":310,"scenarioId":196,"status":"RUNNING","createdAt":"2026-01-24T05:26:22.46118Z","startedAt":"2026-01-24T05:26:22.472173Z","endedAt":null,"totalTicks":null,"currentTick":0,"seed":null,"errorMessage":null,"artefactBasePath":"D:\\Projects\\lift-simulator\\run-artefacts\\run-181","progressPercentage":null}
    Forwarded URL = null
   Redirected URL = null
          Cookies = []

MockHttpServletRequest:
      HTTP Method = GET
      Request URI = /api/simulation-runs/181
       Parameters = {}
          Headers = []
             Body = null
    Session Attrs = {}

Handler:
             Type = com.liftsimulator.admin.controller.SimulationRunController
           Method = com.liftsimulator.admin.controller.SimulationRunController#getSimulationRun(Long)

Async:
    Async started = false
     Async result = null

Resolved Exception:
             Type = null

ModelAndView:
        View name = null
             View = null
            Model = null

FlashMap:
       Attributes = null

MockHttpServletResponse:
           Status = 200
    Error message = null
          Headers = [Content-Type:"application/json"]
     Content type = application/json
             Body = {"id":181,"liftSystemId":346,"versionId":310,"scenarioId":196,"status":"RUNNING","createdAt":"2026-01-24T05:26:22.46118Z","startedAt":"2026-01-24T05:26:22.472173Z","endedAt":null,"totalTicks":20,"currentTick":0,"seed":null,"errorMessage":null,"artefactBasePath":"D:\\Projects\\lift-simulator\\run-artefacts\\run-181","progressPercentage":0.0}
    Forwarded URL = null
   Redirected URL = null
          Cookies = []

MockHttpServletRequest:
      HTTP Method = GET
      Request URI = /api/simulation-runs/181
       Parameters = {}
          Headers = []
             Body = null
    Session Attrs = {}

Handler:
             Type = com.liftsimulator.admin.controller.SimulationRunController
           Method = com.liftsimulator.admin.controller.SimulationRunController#getSimulationRun(Long)

Async:
    Async started = false
     Async result = null

Resolved Exception:
             Type = null

ModelAndView:
        View name = null
             View = null
            Model = null

FlashMap:
       Attributes = null

MockHttpServletResponse:
           Status = 200
    Error message = null
          Headers = [Content-Type:"application/json"]
     Content type = application/json
             Body = {"id":181,"liftSystemId":346,"versionId":310,"scenarioId":196,"status":"SUCCEEDED","createdAt":"2026-01-24T05:26:22.46118Z","startedAt":"2026-01-24T05:26:22.472173Z","endedAt":"2026-01-24T05:26:22.711056Z","totalTicks":20,"currentTick":16,"seed":null,"errorMessage":null,"artefactBasePath":"D:\\Projects\\lift-simulator\\run-artefacts\\run-181","progressPercentage":80.0}
    Forwarded URL = null
   Redirected URL = null
          Cookies = []

MockHttpServletRequest:
      HTTP Method = GET
      Request URI = /api/simulation-runs/181/results
       Parameters = {}
          Headers = []
             Body = null
    Session Attrs = {}

Handler:
             Type = com.liftsimulator.admin.controller.SimulationRunController
           Method = com.liftsimulator.admin.controller.SimulationRunController#getSimulationResults(Long)

Async:
    Async started = false
     Async result = null

Resolved Exception:
             Type = null

ModelAndView:
        View name = null
             View = null
            Model = null

FlashMap:
       Attributes = null

MockHttpServletResponse:
           Status = 200
    Error message = null
          Headers = [Content-Type:"application/json"]
     Content type = application/json
             Body = {"runId":181,"status":"SUCCEEDED","results":{"runSummary":{"runId":181,"status":"FAILED","generatedAt":"2026-01-24T10:56:22.730967300+05:30","message":"Can only succeed a run in RUNNING state. Current state: SUCCEEDED","liftSystemId":346,"versionId":310,"scenarioId":196}},"errorMessage":null,"logsUrl":"/api/simulation-runs/181/logs"}
    Forwarded URL = null
   Redirected URL = null
          Cookies = []
]]></system-out>
  </testcase>
</testsuite>