<?xml version="1.0" encoding="UTF-8"?>
<testsuite xmlns:xsi="http://www.w3.org/2001/XMLSchema-instance" xsi:noNamespaceSchemaLocation="https://maven.apache.org/surefire/maven-surefire-plugin/xsd/surefire-test-report-3.0.xsd" version="3.0" name="com.liftsimulator.admin.controller.SimulationRunControllerTest" time="1.69" tests="15" errors="0" skipped="0" failures="3">
  <properties>
[...]
</properties>
  <testcase name="testCreateSimulationRun_MissingRequiredFields" classname="com.liftsimulator.admin.controller.SimulationRunControllerTest" time="0.105">
    <system-out><![CDATA[2026-01-24 09:43:02.643 [main] INFO  o.s.t.c.s.AnnotationConfigContextLoaderUtils - Could not detect default configuration classes for test class [com.liftsimulator.admin.controller.SimulationRunControllerTest]: SimulationRunControllerTest does not declare any static, non-private, non-final, nested classes annotated with @Configuration.
2026-01-24 09:43:02.654 [main] INFO  o.s.b.t.c.SpringBootTestContextBootstrapper - Found @SpringBootConfiguration com.liftsimulator.admin.LiftConfigServiceApplication for test class com.liftsimulator.admin.controller.SimulationRunControllerTest
2026-01-24 09:43:02.682 [main] DEBUG org.hibernate.SQL - 
    select
        sr1_0.id,
        sr1_0.artefact_base_path,
        sr1_0.created_at,
        sr1_0.current_tick,
        sr1_0.ended_at,
        sr1_0.error_message,
        sr1_0.lift_system_id,
        sr1_0.scenario_id,
        sr1_0.seed,
        sr1_0.started_at,
        sr1_0.status,
        sr1_0.total_ticks,
        sr1_0.version_id 
    from
        lift_simulator.simulation_run sr1_0
Hibernate: 
    select
        sr1_0.id,
        sr1_0.artefact_base_path,
        sr1_0.created_at,
        sr1_0.current_tick,
        sr1_0.ended_at,
        sr1_0.error_message,
        sr1_0.lift_system_id,
        sr1_0.scenario_id,
        sr1_0.seed,
        sr1_0.started_at,
        sr1_0.status,
        sr1_0.total_ticks,
        sr1_0.version_id 
    from
        lift_simulator.simulation_run sr1_0
2026-01-24 09:43:02.696 [main] DEBUG org.hibernate.SQL - 
    select
        ss1_0.id,
        ss1_0.created_at,
        ss1_0.name,
        ss1_0.scenario_json,
        ss1_0.updated_at 
    from
        lift_simulator.simulation_scenario ss1_0
Hibernate: 
    select
        ss1_0.id,
        ss1_0.created_at,
        ss1_0.name,
        ss1_0.scenario_json,
        ss1_0.updated_at 
    from
        lift_simulator.simulation_scenario ss1_0
2026-01-24 09:43:02.703 [main] DEBUG org.hibernate.SQL - 
    select
        lsv1_0.id,
        lsv1_0.config,
        lsv1_0.created_at,
        lsv1_0.is_published,
        lsv1_0.lift_system_id,
        lsv1_0.published_at,
        lsv1_0.status,
        lsv1_0.updated_at,
        lsv1_0.version_number 
    from
        lift_simulator.lift_system_version lsv1_0
Hibernate: 
    select
        lsv1_0.id,
        lsv1_0.config,
        lsv1_0.created_at,
        lsv1_0.is_published,
        lsv1_0.lift_system_id,
        lsv1_0.published_at,
        lsv1_0.status,
        lsv1_0.updated_at,
        lsv1_0.version_number 
    from
        lift_simulator.lift_system_version lsv1_0
2026-01-24 09:43:02.710 [main] DEBUG org.hibernate.SQL - 
    select
        ls1_0.id,
        ls1_0.created_at,
        ls1_0.description,
        ls1_0.display_name,
        ls1_0.system_key,
        ls1_0.updated_at 
    from
        lift_simulator.lift_system ls1_0
Hibernate: 
    select
        ls1_0.id,
        ls1_0.created_at,
        ls1_0.description,
        ls1_0.display_name,
        ls1_0.system_key,
        ls1_0.updated_at 
    from
        lift_simulator.lift_system ls1_0
2026-01-24 09:43:02.714 [main] DEBUG org.hibernate.SQL - 
    select
        v1_0.lift_system_id,
        v1_0.id,
        v1_0.config,
        v1_0.created_at,
        v1_0.is_published,
        v1_0.published_at,
        v1_0.status,
        v1_0.updated_at,
        v1_0.version_number 
    from
        lift_simulator.lift_system_version v1_0 
    where
        v1_0.lift_system_id=?
Hibernate: 
    select
        v1_0.lift_system_id,
        v1_0.id,
        v1_0.config,
        v1_0.created_at,
        v1_0.is_published,
        v1_0.published_at,
        v1_0.status,
        v1_0.updated_at,
        v1_0.version_number 
    from
        lift_simulator.lift_system_version v1_0 
    where
        v1_0.lift_system_id=?
2026-01-24 09:43:02.721 [main] DEBUG org.hibernate.SQL - 
    insert 
    into
        lift_simulator.lift_system
        (created_at, description, display_name, system_key, updated_at) 
    values
        (?, ?, ?, ?, ?)
Hibernate: 
    insert 
    into
        lift_simulator.lift_system
        (created_at, description, display_name, system_key, updated_at) 
    values
        (?, ?, ?, ?, ?)
2026-01-24 09:43:02.726 [main] DEBUG org.hibernate.SQL - 
    insert 
    into
        lift_simulator.lift_system_version
        (config, created_at, is_published, lift_system_id, published_at, status, updated_at, version_number) 
    values
        (?, ?, ?, ?, ?, ?, ?, ?)
Hibernate: 
    insert 
    into
        lift_simulator.lift_system_version
        (config, created_at, is_published, lift_system_id, published_at, status, updated_at, version_number) 
    values
        (?, ?, ?, ?, ?, ?, ?, ?)
2026-01-24 09:43:02.732 [main] DEBUG org.hibernate.SQL - 
    insert 
    into
        lift_simulator.simulation_scenario
        (created_at, name, scenario_json, updated_at) 
    values
        (?, ?, ?, ?)
Hibernate: 
    insert 
    into
        lift_simulator.simulation_scenario
        (created_at, name, scenario_json, updated_at) 
    values
        (?, ?, ?, ?)
2026-01-24 09:43:02.771 [main] DEBUG c.l.a.c.GlobalExceptionHandler - Validation failed for 2 field(s): [versionId, liftSystemId]
]]></system-out>
  </testcase>
  <testcase name="testGetSimulationResults_Succeeded_WithoutResults" classname="com.liftsimulator.admin.controller.SimulationRunControllerTest" time="0.102">
    <system-out><![CDATA[2026-01-24 09:43:02.788 [main] DEBUG org.hibernate.SQL - 
    select
        sr1_0.id,
        sr1_0.artefact_base_path,
        sr1_0.created_at,
        sr1_0.current_tick,
        sr1_0.ended_at,
        sr1_0.error_message,
        sr1_0.lift_system_id,
        sr1_0.scenario_id,
        sr1_0.seed,
        sr1_0.started_at,
        sr1_0.status,
        sr1_0.total_ticks,
        sr1_0.version_id 
    from
        lift_simulator.simulation_run sr1_0
Hibernate: 
    select
        sr1_0.id,
        sr1_0.artefact_base_path,
        sr1_0.created_at,
        sr1_0.current_tick,
        sr1_0.ended_at,
        sr1_0.error_message,
        sr1_0.lift_system_id,
        sr1_0.scenario_id,
        sr1_0.seed,
        sr1_0.started_at,
        sr1_0.status,
        sr1_0.total_ticks,
        sr1_0.version_id 
    from
        lift_simulator.simulation_run sr1_0
2026-01-24 09:43:02.797 [main] DEBUG org.hibernate.SQL - 
    select
        ss1_0.id,
        ss1_0.created_at,
        ss1_0.name,
        ss1_0.scenario_json,
        ss1_0.updated_at 
    from
        lift_simulator.simulation_scenario ss1_0
Hibernate: 
    select
        ss1_0.id,
        ss1_0.created_at,
        ss1_0.name,
        ss1_0.scenario_json,
        ss1_0.updated_at 
    from
        lift_simulator.simulation_scenario ss1_0
2026-01-24 09:43:02.806 [main] DEBUG org.hibernate.SQL - 
    select
        lsv1_0.id,
        lsv1_0.config,
        lsv1_0.created_at,
        lsv1_0.is_published,
        lsv1_0.lift_system_id,
        lsv1_0.published_at,
        lsv1_0.status,
        lsv1_0.updated_at,
        lsv1_0.version_number 
    from
        lift_simulator.lift_system_version lsv1_0
Hibernate: 
    select
        lsv1_0.id,
        lsv1_0.config,
        lsv1_0.created_at,
        lsv1_0.is_published,
        lsv1_0.lift_system_id,
        lsv1_0.published_at,
        lsv1_0.status,
        lsv1_0.updated_at,
        lsv1_0.version_number 
    from
        lift_simulator.lift_system_version lsv1_0
2026-01-24 09:43:02.814 [main] DEBUG org.hibernate.SQL - 
    select
        ls1_0.id,
        ls1_0.created_at,
        ls1_0.description,
        ls1_0.display_name,
        ls1_0.system_key,
        ls1_0.updated_at 
    from
        lift_simulator.lift_system ls1_0
Hibernate: 
    select
        ls1_0.id,
        ls1_0.created_at,
        ls1_0.description,
        ls1_0.display_name,
        ls1_0.system_key,
        ls1_0.updated_at 
    from
        lift_simulator.lift_system ls1_0
2026-01-24 09:43:02.817 [main] DEBUG org.hibernate.SQL - 
    select
        v1_0.lift_system_id,
        v1_0.id,
        v1_0.config,
        v1_0.created_at,
        v1_0.is_published,
        v1_0.published_at,
        v1_0.status,
        v1_0.updated_at,
        v1_0.version_number 
    from
        lift_simulator.lift_system_version v1_0 
    where
        v1_0.lift_system_id=?
Hibernate: 
    select
        v1_0.lift_system_id,
        v1_0.id,
        v1_0.config,
        v1_0.created_at,
        v1_0.is_published,
        v1_0.published_at,
        v1_0.status,
        v1_0.updated_at,
        v1_0.version_number 
    from
        lift_simulator.lift_system_version v1_0 
    where
        v1_0.lift_system_id=?
2026-01-24 09:43:02.821 [main] DEBUG org.hibernate.SQL - 
    insert 
    into
        lift_simulator.lift_system
        (created_at, description, display_name, system_key, updated_at) 
    values
        (?, ?, ?, ?, ?)
Hibernate: 
    insert 
    into
        lift_simulator.lift_system
        (created_at, description, display_name, system_key, updated_at) 
    values
        (?, ?, ?, ?, ?)
2026-01-24 09:43:02.826 [main] DEBUG org.hibernate.SQL - 
    insert 
    into
        lift_simulator.lift_system_version
        (config, created_at, is_published, lift_system_id, published_at, status, updated_at, version_number) 
    values
        (?, ?, ?, ?, ?, ?, ?, ?)
Hibernate: 
    insert 
    into
        lift_simulator.lift_system_version
        (config, created_at, is_published, lift_system_id, published_at, status, updated_at, version_number) 
    values
        (?, ?, ?, ?, ?, ?, ?, ?)
2026-01-24 09:43:02.831 [main] DEBUG org.hibernate.SQL - 
    insert 
    into
        lift_simulator.simulation_scenario
        (created_at, name, scenario_json, updated_at) 
    values
        (?, ?, ?, ?)
Hibernate: 
    insert 
    into
        lift_simulator.simulation_scenario
        (created_at, name, scenario_json, updated_at) 
    values
        (?, ?, ?, ?)
2026-01-24 09:43:02.838 [main] DEBUG org.hibernate.SQL - 
    insert 
    into
        lift_simulator.simulation_run
        (artefact_base_path, created_at, current_tick, ended_at, error_message, lift_system_id, scenario_id, seed, started_at, status, total_ticks, version_id) 
    values
        (?, ?, ?, ?, ?, ?, ?, ?, ?, ?, ?, ?)
Hibernate: 
    insert 
    into
        lift_simulator.simulation_run
        (artefact_base_path, created_at, current_tick, ended_at, error_message, lift_system_id, scenario_id, seed, started_at, status, total_ticks, version_id) 
    values
        (?, ?, ?, ?, ?, ?, ?, ?, ?, ?, ?, ?)
]]></system-out>
  </testcase>
  <testcase name="testGetSimulationLogs_WithTailParameter" classname="com.liftsimulator.admin.controller.SimulationRunControllerTest" time="0.096">
    <system-out><![CDATA[2026-01-24 09:43:02.896 [main] DEBUG org.hibernate.SQL - 
    select
        sr1_0.id,
        sr1_0.artefact_base_path,
        sr1_0.created_at,
        sr1_0.current_tick,
        sr1_0.ended_at,
        sr1_0.error_message,
        sr1_0.lift_system_id,
        sr1_0.scenario_id,
        sr1_0.seed,
        sr1_0.started_at,
        sr1_0.status,
        sr1_0.total_ticks,
        sr1_0.version_id 
    from
        lift_simulator.simulation_run sr1_0
Hibernate: 
    select
        sr1_0.id,
        sr1_0.artefact_base_path,
        sr1_0.created_at,
        sr1_0.current_tick,
        sr1_0.ended_at,
        sr1_0.error_message,
        sr1_0.lift_system_id,
        sr1_0.scenario_id,
        sr1_0.seed,
        sr1_0.started_at,
        sr1_0.status,
        sr1_0.total_ticks,
        sr1_0.version_id 
    from
        lift_simulator.simulation_run sr1_0
2026-01-24 09:43:02.907 [main] DEBUG org.hibernate.SQL - 
    select
        ss1_0.id,
        ss1_0.created_at,
        ss1_0.name,
        ss1_0.scenario_json,
        ss1_0.updated_at 
    from
        lift_simulator.simulation_scenario ss1_0
Hibernate: 
    select
        ss1_0.id,
        ss1_0.created_at,
        ss1_0.name,
        ss1_0.scenario_json,
        ss1_0.updated_at 
    from
        lift_simulator.simulation_scenario ss1_0
2026-01-24 09:43:02.913 [main] DEBUG org.hibernate.SQL - 
    select
        lsv1_0.id,
        lsv1_0.config,
        lsv1_0.created_at,
        lsv1_0.is_published,
        lsv1_0.lift_system_id,
        lsv1_0.published_at,
        lsv1_0.status,
        lsv1_0.updated_at,
        lsv1_0.version_number 
    from
        lift_simulator.lift_system_version lsv1_0
Hibernate: 
    select
        lsv1_0.id,
        lsv1_0.config,
        lsv1_0.created_at,
        lsv1_0.is_published,
        lsv1_0.lift_system_id,
        lsv1_0.published_at,
        lsv1_0.status,
        lsv1_0.updated_at,
        lsv1_0.version_number 
    from
        lift_simulator.lift_system_version lsv1_0
2026-01-24 09:43:02.920 [main] DEBUG org.hibernate.SQL - 
    select
        ls1_0.id,
        ls1_0.created_at,
        ls1_0.description,
        ls1_0.display_name,
        ls1_0.system_key,
        ls1_0.updated_at 
    from
        lift_simulator.lift_system ls1_0
Hibernate: 
    select
        ls1_0.id,
        ls1_0.created_at,
        ls1_0.description,
        ls1_0.display_name,
        ls1_0.system_key,
        ls1_0.updated_at 
    from
        lift_simulator.lift_system ls1_0
2026-01-24 09:43:02.924 [main] DEBUG org.hibernate.SQL - 
    select
        v1_0.lift_system_id,
        v1_0.id,
        v1_0.config,
        v1_0.created_at,
        v1_0.is_published,
        v1_0.published_at,
        v1_0.status,
        v1_0.updated_at,
        v1_0.version_number 
    from
        lift_simulator.lift_system_version v1_0 
    where
        v1_0.lift_system_id=?
Hibernate: 
    select
        v1_0.lift_system_id,
        v1_0.id,
        v1_0.config,
        v1_0.created_at,
        v1_0.is_published,
        v1_0.published_at,
        v1_0.status,
        v1_0.updated_at,
        v1_0.version_number 
    from
        lift_simulator.lift_system_version v1_0 
    where
        v1_0.lift_system_id=?
2026-01-24 09:43:02.932 [main] DEBUG org.hibernate.SQL - 
    insert 
    into
        lift_simulator.lift_system
        (created_at, description, display_name, system_key, updated_at) 
    values
        (?, ?, ?, ?, ?)
Hibernate: 
    insert 
    into
        lift_simulator.lift_system
        (created_at, description, display_name, system_key, updated_at) 
    values
        (?, ?, ?, ?, ?)
2026-01-24 09:43:02.937 [main] DEBUG org.hibernate.SQL - 
    insert 
    into
        lift_simulator.lift_system_version
        (config, created_at, is_published, lift_system_id, published_at, status, updated_at, version_number) 
    values
        (?, ?, ?, ?, ?, ?, ?, ?)
Hibernate: 
    insert 
    into
        lift_simulator.lift_system_version
        (config, created_at, is_published, lift_system_id, published_at, status, updated_at, version_number) 
    values
        (?, ?, ?, ?, ?, ?, ?, ?)
2026-01-24 09:43:02.942 [main] DEBUG org.hibernate.SQL - 
    insert 
    into
        lift_simulator.simulation_scenario
        (created_at, name, scenario_json, updated_at) 
    values
        (?, ?, ?, ?)
Hibernate: 
    insert 
    into
        lift_simulator.simulation_scenario
        (created_at, name, scenario_json, updated_at) 
    values
        (?, ?, ?, ?)
2026-01-24 09:43:02.947 [main] DEBUG org.hibernate.SQL - 
    insert 
    into
        lift_simulator.simulation_run
        (artefact_base_path, created_at, current_tick, ended_at, error_message, lift_system_id, scenario_id, seed, started_at, status, total_ticks, version_id) 
    values
        (?, ?, ?, ?, ?, ?, ?, ?, ?, ?, ?, ?)
Hibernate: 
    insert 
    into
        lift_simulator.simulation_run
        (artefact_base_path, created_at, current_tick, ended_at, error_message, lift_system_id, scenario_id, seed, started_at, status, total_ticks, version_id) 
    values
        (?, ?, ?, ?, ?, ?, ?, ?, ?, ?, ?, ?)
]]></system-out>
  </testcase>
  <testcase name="testListSimulationArtefacts_WithFiles" classname="com.liftsimulator.admin.controller.SimulationRunControllerTest" time="0.141">
    <system-out><![CDATA[2026-01-24 09:43:02.994 [main] DEBUG org.hibernate.SQL - 
    select
        sr1_0.id,
        sr1_0.artefact_base_path,
        sr1_0.created_at,
        sr1_0.current_tick,
        sr1_0.ended_at,
        sr1_0.error_message,
        sr1_0.lift_system_id,
        sr1_0.scenario_id,
        sr1_0.seed,
        sr1_0.started_at,
        sr1_0.status,
        sr1_0.total_ticks,
        sr1_0.version_id 
    from
        lift_simulator.simulation_run sr1_0
Hibernate: 
    select
        sr1_0.id,
        sr1_0.artefact_base_path,
        sr1_0.created_at,
        sr1_0.current_tick,
        sr1_0.ended_at,
        sr1_0.error_message,
        sr1_0.lift_system_id,
        sr1_0.scenario_id,
        sr1_0.seed,
        sr1_0.started_at,
        sr1_0.status,
        sr1_0.total_ticks,
        sr1_0.version_id 
    from
        lift_simulator.simulation_run sr1_0
2026-01-24 09:43:03.000 [main] DEBUG org.hibernate.SQL - 
    select
        ss1_0.id,
        ss1_0.created_at,
        ss1_0.name,
        ss1_0.scenario_json,
        ss1_0.updated_at 
    from
        lift_simulator.simulation_scenario ss1_0
Hibernate: 
    select
        ss1_0.id,
        ss1_0.created_at,
        ss1_0.name,
        ss1_0.scenario_json,
        ss1_0.updated_at 
    from
        lift_simulator.simulation_scenario ss1_0
2026-01-24 09:43:03.007 [main] DEBUG org.hibernate.SQL - 
    select
        lsv1_0.id,
        lsv1_0.config,
        lsv1_0.created_at,
        lsv1_0.is_published,
        lsv1_0.lift_system_id,
        lsv1_0.published_at,
        lsv1_0.status,
        lsv1_0.updated_at,
        lsv1_0.version_number 
    from
        lift_simulator.lift_system_version lsv1_0
Hibernate: 
    select
        lsv1_0.id,
        lsv1_0.config,
        lsv1_0.created_at,
        lsv1_0.is_published,
        lsv1_0.lift_system_id,
        lsv1_0.published_at,
        lsv1_0.status,
        lsv1_0.updated_at,
        lsv1_0.version_number 
    from
        lift_simulator.lift_system_version lsv1_0
2026-01-24 09:43:03.015 [main] DEBUG org.hibernate.SQL - 
    select
        ls1_0.id,
        ls1_0.created_at,
        ls1_0.description,
        ls1_0.display_name,
        ls1_0.system_key,
        ls1_0.updated_at 
    from
        lift_simulator.lift_system ls1_0
Hibernate: 
    select
        ls1_0.id,
        ls1_0.created_at,
        ls1_0.description,
        ls1_0.display_name,
        ls1_0.system_key,
        ls1_0.updated_at 
    from
        lift_simulator.lift_system ls1_0
2026-01-24 09:43:03.033 [main] DEBUG org.hibernate.SQL - 
    select
        v1_0.lift_system_id,
        v1_0.id,
        v1_0.config,
        v1_0.created_at,
        v1_0.is_published,
        v1_0.published_at,
        v1_0.status,
        v1_0.updated_at,
        v1_0.version_number 
    from
        lift_simulator.lift_system_version v1_0 
    where
        v1_0.lift_system_id=?
Hibernate: 
    select
        v1_0.lift_system_id,
        v1_0.id,
        v1_0.config,
        v1_0.created_at,
        v1_0.is_published,
        v1_0.published_at,
        v1_0.status,
        v1_0.updated_at,
        v1_0.version_number 
    from
        lift_simulator.lift_system_version v1_0 
    where
        v1_0.lift_system_id=?
2026-01-24 09:43:03.042 [main] DEBUG org.hibernate.SQL - 
    insert 
    into
        lift_simulator.lift_system
        (created_at, description, display_name, system_key, updated_at) 
    values
        (?, ?, ?, ?, ?)
Hibernate: 
    insert 
    into
        lift_simulator.lift_system
        (created_at, description, display_name, system_key, updated_at) 
    values
        (?, ?, ?, ?, ?)
2026-01-24 09:43:03.046 [main] DEBUG org.hibernate.SQL - 
    insert 
    into
        lift_simulator.lift_system_version
        (config, created_at, is_published, lift_system_id, published_at, status, updated_at, version_number) 
    values
        (?, ?, ?, ?, ?, ?, ?, ?)
Hibernate: 
    insert 
    into
        lift_simulator.lift_system_version
        (config, created_at, is_published, lift_system_id, published_at, status, updated_at, version_number) 
    values
        (?, ?, ?, ?, ?, ?, ?, ?)
2026-01-24 09:43:03.049 [main] DEBUG org.hibernate.SQL - 
    insert 
    into
        lift_simulator.simulation_scenario
        (created_at, name, scenario_json, updated_at) 
    values
        (?, ?, ?, ?)
Hibernate: 
    insert 
    into
        lift_simulator.simulation_scenario
        (created_at, name, scenario_json, updated_at) 
    values
        (?, ?, ?, ?)
2026-01-24 09:43:03.055 [main] DEBUG org.hibernate.SQL - 
    insert 
    into
        lift_simulator.simulation_run
        (artefact_base_path, created_at, current_tick, ended_at, error_message, lift_system_id, scenario_id, seed, started_at, status, total_ticks, version_id) 
    values
        (?, ?, ?, ?, ?, ?, ?, ?, ?, ?, ?, ?)
Hibernate: 
    insert 
    into
        lift_simulator.simulation_run
        (artefact_base_path, created_at, current_tick, ended_at, error_message, lift_system_id, scenario_id, seed, started_at, status, total_ticks, version_id) 
    values
        (?, ?, ?, ?, ?, ?, ?, ?, ?, ?, ?, ?)
]]></system-out>
  </testcase>
  <testcase name="testGetSimulationLogs_NoArtefactPath" classname="com.liftsimulator.admin.controller.SimulationRunControllerTest" time="0.106">
    <failure message="Status expected:&lt;500&gt; but was:&lt;409&gt;" type="java.lang.AssertionError"><![CDATA[java.lang.AssertionError: Status expected:<500> but was:<409>
	at org.springframework.test.util.AssertionErrors.fail(AssertionErrors.java:59)
	at org.springframework.test.util.AssertionErrors.assertEquals(AssertionErrors.java:122)
	at org.springframework.test.web.servlet.result.StatusResultMatchers.lambda$matcher$9(StatusResultMatchers.java:637)
	at org.springframework.test.web.servlet.MockMvc$1.andExpect(MockMvc.java:214)
	at com.liftsimulator.admin.controller.SimulationRunControllerTest.testGetSimulationLogs_NoArtefactPath(SimulationRunControllerTest.java:274)
	at java.base/java.lang.reflect.Method.invoke(Method.java:580)
	at java.base/java.util.ArrayList.forEach(ArrayList.java:1597)
	at java.base/java.util.ArrayList.forEach(ArrayList.java:1597)
]]></failure>
    <system-out><![CDATA[2026-01-24 09:43:03.138 [main] DEBUG org.hibernate.SQL - 
    select
        sr1_0.id,
        sr1_0.artefact_base_path,
        sr1_0.created_at,
        sr1_0.current_tick,
        sr1_0.ended_at,
        sr1_0.error_message,
        sr1_0.lift_system_id,
        sr1_0.scenario_id,
        sr1_0.seed,
        sr1_0.started_at,
        sr1_0.status,
        sr1_0.total_ticks,
        sr1_0.version_id 
    from
        lift_simulator.simulation_run sr1_0
Hibernate: 
    select
        sr1_0.id,
        sr1_0.artefact_base_path,
        sr1_0.created_at,
        sr1_0.current_tick,
        sr1_0.ended_at,
        sr1_0.error_message,
        sr1_0.lift_system_id,
        sr1_0.scenario_id,
        sr1_0.seed,
        sr1_0.started_at,
        sr1_0.status,
        sr1_0.total_ticks,
        sr1_0.version_id 
    from
        lift_simulator.simulation_run sr1_0
2026-01-24 09:43:03.145 [main] DEBUG org.hibernate.SQL - 
    select
        ss1_0.id,
        ss1_0.created_at,
        ss1_0.name,
        ss1_0.scenario_json,
        ss1_0.updated_at 
    from
        lift_simulator.simulation_scenario ss1_0
Hibernate: 
    select
        ss1_0.id,
        ss1_0.created_at,
        ss1_0.name,
        ss1_0.scenario_json,
        ss1_0.updated_at 
    from
        lift_simulator.simulation_scenario ss1_0
2026-01-24 09:43:03.153 [main] DEBUG org.hibernate.SQL - 
    select
        lsv1_0.id,
        lsv1_0.config,
        lsv1_0.created_at,
        lsv1_0.is_published,
        lsv1_0.lift_system_id,
        lsv1_0.published_at,
        lsv1_0.status,
        lsv1_0.updated_at,
        lsv1_0.version_number 
    from
        lift_simulator.lift_system_version lsv1_0
Hibernate: 
    select
        lsv1_0.id,
        lsv1_0.config,
        lsv1_0.created_at,
        lsv1_0.is_published,
        lsv1_0.lift_system_id,
        lsv1_0.published_at,
        lsv1_0.status,
        lsv1_0.updated_at,
        lsv1_0.version_number 
    from
        lift_simulator.lift_system_version lsv1_0
2026-01-24 09:43:03.159 [main] DEBUG org.hibernate.SQL - 
    select
        ls1_0.id,
        ls1_0.created_at,
        ls1_0.description,
        ls1_0.display_name,
        ls1_0.system_key,
        ls1_0.updated_at 
    from
        lift_simulator.lift_system ls1_0
Hibernate: 
    select
        ls1_0.id,
        ls1_0.created_at,
        ls1_0.description,
        ls1_0.display_name,
        ls1_0.system_key,
        ls1_0.updated_at 
    from
        lift_simulator.lift_system ls1_0
2026-01-24 09:43:03.162 [main] DEBUG org.hibernate.SQL - 
    select
        v1_0.lift_system_id,
        v1_0.id,
        v1_0.config,
        v1_0.created_at,
        v1_0.is_published,
        v1_0.published_at,
        v1_0.status,
        v1_0.updated_at,
        v1_0.version_number 
    from
        lift_simulator.lift_system_version v1_0 
    where
        v1_0.lift_system_id=?
Hibernate: 
    select
        v1_0.lift_system_id,
        v1_0.id,
        v1_0.config,
        v1_0.created_at,
        v1_0.is_published,
        v1_0.published_at,
        v1_0.status,
        v1_0.updated_at,
        v1_0.version_number 
    from
        lift_simulator.lift_system_version v1_0 
    where
        v1_0.lift_system_id=?
2026-01-24 09:43:03.173 [main] DEBUG org.hibernate.SQL - 
    insert 
    into
        lift_simulator.lift_system
        (created_at, description, display_name, system_key, updated_at) 
    values
        (?, ?, ?, ?, ?)
Hibernate: 
    insert 
    into
        lift_simulator.lift_system
        (created_at, description, display_name, system_key, updated_at) 
    values
        (?, ?, ?, ?, ?)
2026-01-24 09:43:03.173 [main] DEBUG org.hibernate.SQL - 
    insert 
    into
        lift_simulator.lift_system_version
        (config, created_at, is_published, lift_system_id, published_at, status, updated_at, version_number) 
    values
        (?, ?, ?, ?, ?, ?, ?, ?)
Hibernate: 
    insert 
    into
        lift_simulator.lift_system_version
        (config, created_at, is_published, lift_system_id, published_at, status, updated_at, version_number) 
    values
        (?, ?, ?, ?, ?, ?, ?, ?)
2026-01-24 09:43:03.173 [main] DEBUG org.hibernate.SQL - 
    insert 
    into
        lift_simulator.simulation_scenario
        (created_at, name, scenario_json, updated_at) 
    values
        (?, ?, ?, ?)
Hibernate: 
    insert 
    into
        lift_simulator.simulation_scenario
        (created_at, name, scenario_json, updated_at) 
    values
        (?, ?, ?, ?)
2026-01-24 09:43:03.192 [main] DEBUG org.hibernate.SQL - 
    insert 
    into
        lift_simulator.simulation_run
        (artefact_base_path, created_at, current_tick, ended_at, error_message, lift_system_id, scenario_id, seed, started_at, status, total_ticks, version_id) 
    values
        (?, ?, ?, ?, ?, ?, ?, ?, ?, ?, ?, ?)
Hibernate: 
    insert 
    into
        lift_simulator.simulation_run
        (artefact_base_path, created_at, current_tick, ended_at, error_message, lift_system_id, scenario_id, seed, started_at, status, total_ticks, version_id) 
    values
        (?, ?, ?, ?, ?, ?, ?, ?, ?, ?, ?, ?)
2026-01-24 09:43:03.200 [main] INFO  c.l.a.c.GlobalExceptionHandler - Illegal state: Artefact base path is not set for run 46

MockHttpServletRequest:
      HTTP Method = GET
      Request URI = /api/simulation-runs/46/logs
       Parameters = {}
          Headers = []
             Body = null
    Session Attrs = {}

Handler:
             Type = com.liftsimulator.admin.controller.SimulationRunController
           Method = com.liftsimulator.admin.controller.SimulationRunController#getSimulationLogs(Long, Integer)

Async:
    Async started = false
     Async result = null

Resolved Exception:
             Type = java.lang.IllegalStateException

ModelAndView:
        View name = null
             View = null
            Model = null

FlashMap:
       Attributes = null

MockHttpServletResponse:
           Status = 409
    Error message = null
          Headers = [Content-Type:"application/json"]
     Content type = application/json
             Body = {"status":409,"message":"Artefact base path is not set for run 46","timestamp":"2026-01-24T09:43:03.2040964+05:30"}
    Forwarded URL = null
   Redirected URL = null
          Cookies = []
]]></system-out>
  </testcase>
  <testcase name="testCreateSimulationRun_InvalidLiftSystem" classname="com.liftsimulator.admin.controller.SimulationRunControllerTest" time="0.1">
    <system-out><![CDATA[2026-01-24 09:43:03.264 [main] DEBUG org.hibernate.SQL - 
    select
        sr1_0.id,
        sr1_0.artefact_base_path,
        sr1_0.created_at,
        sr1_0.current_tick,
        sr1_0.ended_at,
        sr1_0.error_message,
        sr1_0.lift_system_id,
        sr1_0.scenario_id,
        sr1_0.seed,
        sr1_0.started_at,
        sr1_0.status,
        sr1_0.total_ticks,
        sr1_0.version_id 
    from
        lift_simulator.simulation_run sr1_0
Hibernate: 
    select
        sr1_0.id,
        sr1_0.artefact_base_path,
        sr1_0.created_at,
        sr1_0.current_tick,
        sr1_0.ended_at,
        sr1_0.error_message,
        sr1_0.lift_system_id,
        sr1_0.scenario_id,
        sr1_0.seed,
        sr1_0.started_at,
        sr1_0.status,
        sr1_0.total_ticks,
        sr1_0.version_id 
    from
        lift_simulator.simulation_run sr1_0
2026-01-24 09:43:03.272 [main] DEBUG org.hibernate.SQL - 
    select
        ss1_0.id,
        ss1_0.created_at,
        ss1_0.name,
        ss1_0.scenario_json,
        ss1_0.updated_at 
    from
        lift_simulator.simulation_scenario ss1_0
Hibernate: 
    select
        ss1_0.id,
        ss1_0.created_at,
        ss1_0.name,
        ss1_0.scenario_json,
        ss1_0.updated_at 
    from
        lift_simulator.simulation_scenario ss1_0
2026-01-24 09:43:03.280 [main] DEBUG org.hibernate.SQL - 
    select
        lsv1_0.id,
        lsv1_0.config,
        lsv1_0.created_at,
        lsv1_0.is_published,
        lsv1_0.lift_system_id,
        lsv1_0.published_at,
        lsv1_0.status,
        lsv1_0.updated_at,
        lsv1_0.version_number 
    from
        lift_simulator.lift_system_version lsv1_0
Hibernate: 
    select
        lsv1_0.id,
        lsv1_0.config,
        lsv1_0.created_at,
        lsv1_0.is_published,
        lsv1_0.lift_system_id,
        lsv1_0.published_at,
        lsv1_0.status,
        lsv1_0.updated_at,
        lsv1_0.version_number 
    from
        lift_simulator.lift_system_version lsv1_0
2026-01-24 09:43:03.291 [main] DEBUG org.hibernate.SQL - 
    select
        ls1_0.id,
        ls1_0.created_at,
        ls1_0.description,
        ls1_0.display_name,
        ls1_0.system_key,
        ls1_0.updated_at 
    from
        lift_simulator.lift_system ls1_0
Hibernate: 
    select
        ls1_0.id,
        ls1_0.created_at,
        ls1_0.description,
        ls1_0.display_name,
        ls1_0.system_key,
        ls1_0.updated_at 
    from
        lift_simulator.lift_system ls1_0
2026-01-24 09:43:03.295 [main] DEBUG org.hibernate.SQL - 
    select
        v1_0.lift_system_id,
        v1_0.id,
        v1_0.config,
        v1_0.created_at,
        v1_0.is_published,
        v1_0.published_at,
        v1_0.status,
        v1_0.updated_at,
        v1_0.version_number 
    from
        lift_simulator.lift_system_version v1_0 
    where
        v1_0.lift_system_id=?
Hibernate: 
    select
        v1_0.lift_system_id,
        v1_0.id,
        v1_0.config,
        v1_0.created_at,
        v1_0.is_published,
        v1_0.published_at,
        v1_0.status,
        v1_0.updated_at,
        v1_0.version_number 
    from
        lift_simulator.lift_system_version v1_0 
    where
        v1_0.lift_system_id=?
2026-01-24 09:43:03.302 [main] DEBUG org.hibernate.SQL - 
    insert 
    into
        lift_simulator.lift_system
        (created_at, description, display_name, system_key, updated_at) 
    values
        (?, ?, ?, ?, ?)
Hibernate: 
    insert 
    into
        lift_simulator.lift_system
        (created_at, description, display_name, system_key, updated_at) 
    values
        (?, ?, ?, ?, ?)
2026-01-24 09:43:03.306 [main] DEBUG org.hibernate.SQL - 
    insert 
    into
        lift_simulator.lift_system_version
        (config, created_at, is_published, lift_system_id, published_at, status, updated_at, version_number) 
    values
        (?, ?, ?, ?, ?, ?, ?, ?)
Hibernate: 
    insert 
    into
        lift_simulator.lift_system_version
        (config, created_at, is_published, lift_system_id, published_at, status, updated_at, version_number) 
    values
        (?, ?, ?, ?, ?, ?, ?, ?)
2026-01-24 09:43:03.315 [main] DEBUG org.hibernate.SQL - 
    insert 
    into
        lift_simulator.simulation_scenario
        (created_at, name, scenario_json, updated_at) 
    values
        (?, ?, ?, ?)
Hibernate: 
    insert 
    into
        lift_simulator.simulation_scenario
        (created_at, name, scenario_json, updated_at) 
    values
        (?, ?, ?, ?)
2026-01-24 09:43:03.338 [main] DEBUG org.hibernate.SQL - 
    select
        ls1_0.id,
        ls1_0.created_at,
        ls1_0.description,
        ls1_0.display_name,
        ls1_0.system_key,
        ls1_0.updated_at 
    from
        lift_simulator.lift_system ls1_0 
    where
        ls1_0.id=?
Hibernate: 
    select
        ls1_0.id,
        ls1_0.created_at,
        ls1_0.description,
        ls1_0.display_name,
        ls1_0.system_key,
        ls1_0.updated_at 
    from
        lift_simulator.lift_system ls1_0 
    where
        ls1_0.id=?
2026-01-24 09:43:03.342 [main] INFO  c.l.a.c.GlobalExceptionHandler - Resource not found: Lift system not found with id: 999
]]></system-out>
  </testcase>
  <testcase name="testGetSimulationResults_Created" classname="com.liftsimulator.admin.controller.SimulationRunControllerTest" time="0.089">
    <system-out><![CDATA[2026-01-24 09:43:03.369 [main] DEBUG org.hibernate.SQL - 
    select
        sr1_0.id,
        sr1_0.artefact_base_path,
        sr1_0.created_at,
        sr1_0.current_tick,
        sr1_0.ended_at,
        sr1_0.error_message,
        sr1_0.lift_system_id,
        sr1_0.scenario_id,
        sr1_0.seed,
        sr1_0.started_at,
        sr1_0.status,
        sr1_0.total_ticks,
        sr1_0.version_id 
    from
        lift_simulator.simulation_run sr1_0
Hibernate: 
    select
        sr1_0.id,
        sr1_0.artefact_base_path,
        sr1_0.created_at,
        sr1_0.current_tick,
        sr1_0.ended_at,
        sr1_0.error_message,
        sr1_0.lift_system_id,
        sr1_0.scenario_id,
        sr1_0.seed,
        sr1_0.started_at,
        sr1_0.status,
        sr1_0.total_ticks,
        sr1_0.version_id 
    from
        lift_simulator.simulation_run sr1_0
2026-01-24 09:43:03.369 [main] DEBUG org.hibernate.SQL - 
    select
        ss1_0.id,
        ss1_0.created_at,
        ss1_0.name,
        ss1_0.scenario_json,
        ss1_0.updated_at 
    from
        lift_simulator.simulation_scenario ss1_0
Hibernate: 
    select
        ss1_0.id,
        ss1_0.created_at,
        ss1_0.name,
        ss1_0.scenario_json,
        ss1_0.updated_at 
    from
        lift_simulator.simulation_scenario ss1_0
2026-01-24 09:43:03.390 [main] DEBUG org.hibernate.SQL - 
    select
        lsv1_0.id,
        lsv1_0.config,
        lsv1_0.created_at,
        lsv1_0.is_published,
        lsv1_0.lift_system_id,
        lsv1_0.published_at,
        lsv1_0.status,
        lsv1_0.updated_at,
        lsv1_0.version_number 
    from
        lift_simulator.lift_system_version lsv1_0
Hibernate: 
    select
        lsv1_0.id,
        lsv1_0.config,
        lsv1_0.created_at,
        lsv1_0.is_published,
        lsv1_0.lift_system_id,
        lsv1_0.published_at,
        lsv1_0.status,
        lsv1_0.updated_at,
        lsv1_0.version_number 
    from
        lift_simulator.lift_system_version lsv1_0
2026-01-24 09:43:03.398 [main] DEBUG org.hibernate.SQL - 
    select
        ls1_0.id,
        ls1_0.created_at,
        ls1_0.description,
        ls1_0.display_name,
        ls1_0.system_key,
        ls1_0.updated_at 
    from
        lift_simulator.lift_system ls1_0
Hibernate: 
    select
        ls1_0.id,
        ls1_0.created_at,
        ls1_0.description,
        ls1_0.display_name,
        ls1_0.system_key,
        ls1_0.updated_at 
    from
        lift_simulator.lift_system ls1_0
2026-01-24 09:43:03.403 [main] DEBUG org.hibernate.SQL - 
    select
        v1_0.lift_system_id,
        v1_0.id,
        v1_0.config,
        v1_0.created_at,
        v1_0.is_published,
        v1_0.published_at,
        v1_0.status,
        v1_0.updated_at,
        v1_0.version_number 
    from
        lift_simulator.lift_system_version v1_0 
    where
        v1_0.lift_system_id=?
Hibernate: 
    select
        v1_0.lift_system_id,
        v1_0.id,
        v1_0.config,
        v1_0.created_at,
        v1_0.is_published,
        v1_0.published_at,
        v1_0.status,
        v1_0.updated_at,
        v1_0.version_number 
    from
        lift_simulator.lift_system_version v1_0 
    where
        v1_0.lift_system_id=?
2026-01-24 09:43:03.407 [main] DEBUG org.hibernate.SQL - 
    insert 
    into
        lift_simulator.lift_system
        (created_at, description, display_name, system_key, updated_at) 
    values
        (?, ?, ?, ?, ?)
Hibernate: 
    insert 
    into
        lift_simulator.lift_system
        (created_at, description, display_name, system_key, updated_at) 
    values
        (?, ?, ?, ?, ?)
2026-01-24 09:43:03.411 [main] DEBUG org.hibernate.SQL - 
    insert 
    into
        lift_simulator.lift_system_version
        (config, created_at, is_published, lift_system_id, published_at, status, updated_at, version_number) 
    values
        (?, ?, ?, ?, ?, ?, ?, ?)
Hibernate: 
    insert 
    into
        lift_simulator.lift_system_version
        (config, created_at, is_published, lift_system_id, published_at, status, updated_at, version_number) 
    values
        (?, ?, ?, ?, ?, ?, ?, ?)
2026-01-24 09:43:03.415 [main] DEBUG org.hibernate.SQL - 
    insert 
    into
        lift_simulator.simulation_scenario
        (created_at, name, scenario_json, updated_at) 
    values
        (?, ?, ?, ?)
Hibernate: 
    insert 
    into
        lift_simulator.simulation_scenario
        (created_at, name, scenario_json, updated_at) 
    values
        (?, ?, ?, ?)
2026-01-24 09:43:03.425 [main] DEBUG org.hibernate.SQL - 
    insert 
    into
        lift_simulator.simulation_run
        (artefact_base_path, created_at, current_tick, ended_at, error_message, lift_system_id, scenario_id, seed, started_at, status, total_ticks, version_id) 
    values
        (?, ?, ?, ?, ?, ?, ?, ?, ?, ?, ?, ?)
Hibernate: 
    insert 
    into
        lift_simulator.simulation_run
        (artefact_base_path, created_at, current_tick, ended_at, error_message, lift_system_id, scenario_id, seed, started_at, status, total_ticks, version_id) 
    values
        (?, ?, ?, ?, ?, ?, ?, ?, ?, ?, ?, ?)
]]></system-out>
  </testcase>
  <testcase name="testCreateSimulationRun_Success" classname="com.liftsimulator.admin.controller.SimulationRunControllerTest" time="0.143">
    <failure message="JSON path &quot;$.status&quot; expected:&lt;RUNNING&gt; but was:&lt;CREATED&gt;" type="java.lang.AssertionError"><![CDATA[java.lang.AssertionError: JSON path "$.status" expected:<RUNNING> but was:<CREATED>
	at org.springframework.test.util.AssertionErrors.fail(AssertionErrors.java:59)
	at org.springframework.test.util.AssertionErrors.assertEquals(AssertionErrors.java:122)
	at org.springframework.test.util.JsonPathExpectationsHelper.assertValue(JsonPathExpectationsHelper.java:123)
	at org.springframework.test.web.servlet.result.JsonPathResultMatchers.lambda$value$2(JsonPathResultMatchers.java:111)
	at org.springframework.test.web.servlet.MockMvc$1.andExpect(MockMvc.java:214)
	at com.liftsimulator.admin.controller.SimulationRunControllerTest.testCreateSimulationRun_Success(SimulationRunControllerTest.java:115)
	at java.base/java.lang.reflect.Method.invoke(Method.java:580)
	at java.base/java.util.ArrayList.forEach(ArrayList.java:1597)
	at java.base/java.util.ArrayList.forEach(ArrayList.java:1597)
]]></failure>
    <system-out><![CDATA[2026-01-24 09:43:03.463 [main] DEBUG org.hibernate.SQL - 
    select
        sr1_0.id,
        sr1_0.artefact_base_path,
        sr1_0.created_at,
        sr1_0.current_tick,
        sr1_0.ended_at,
        sr1_0.error_message,
        sr1_0.lift_system_id,
        sr1_0.scenario_id,
        sr1_0.seed,
        sr1_0.started_at,
        sr1_0.status,
        sr1_0.total_ticks,
        sr1_0.version_id 
    from
        lift_simulator.simulation_run sr1_0
Hibernate: 
    select
        sr1_0.id,
        sr1_0.artefact_base_path,
        sr1_0.created_at,
        sr1_0.current_tick,
        sr1_0.ended_at,
        sr1_0.error_message,
        sr1_0.lift_system_id,
        sr1_0.scenario_id,
        sr1_0.seed,
        sr1_0.started_at,
        sr1_0.status,
        sr1_0.total_ticks,
        sr1_0.version_id 
    from
        lift_simulator.simulation_run sr1_0
2026-01-24 09:43:03.471 [main] DEBUG org.hibernate.SQL - 
    select
        ss1_0.id,
        ss1_0.created_at,
        ss1_0.name,
        ss1_0.scenario_json,
        ss1_0.updated_at 
    from
        lift_simulator.simulation_scenario ss1_0
Hibernate: 
    select
        ss1_0.id,
        ss1_0.created_at,
        ss1_0.name,
        ss1_0.scenario_json,
        ss1_0.updated_at 
    from
        lift_simulator.simulation_scenario ss1_0
2026-01-24 09:43:03.471 [main] DEBUG org.hibernate.SQL - 
    select
        lsv1_0.id,
        lsv1_0.config,
        lsv1_0.created_at,
        lsv1_0.is_published,
        lsv1_0.lift_system_id,
        lsv1_0.published_at,
        lsv1_0.status,
        lsv1_0.updated_at,
        lsv1_0.version_number 
    from
        lift_simulator.lift_system_version lsv1_0
Hibernate: 
    select
        lsv1_0.id,
        lsv1_0.config,
        lsv1_0.created_at,
        lsv1_0.is_published,
        lsv1_0.lift_system_id,
        lsv1_0.published_at,
        lsv1_0.status,
        lsv1_0.updated_at,
        lsv1_0.version_number 
    from
        lift_simulator.lift_system_version lsv1_0
2026-01-24 09:43:03.482 [main] DEBUG org.hibernate.SQL - 
    select
        ls1_0.id,
        ls1_0.created_at,
        ls1_0.description,
        ls1_0.display_name,
        ls1_0.system_key,
        ls1_0.updated_at 
    from
        lift_simulator.lift_system ls1_0
Hibernate: 
    select
        ls1_0.id,
        ls1_0.created_at,
        ls1_0.description,
        ls1_0.display_name,
        ls1_0.system_key,
        ls1_0.updated_at 
    from
        lift_simulator.lift_system ls1_0
2026-01-24 09:43:03.488 [main] DEBUG org.hibernate.SQL - 
    select
        v1_0.lift_system_id,
        v1_0.id,
        v1_0.config,
        v1_0.created_at,
        v1_0.is_published,
        v1_0.published_at,
        v1_0.status,
        v1_0.updated_at,
        v1_0.version_number 
    from
        lift_simulator.lift_system_version v1_0 
    where
        v1_0.lift_system_id=?
Hibernate: 
    select
        v1_0.lift_system_id,
        v1_0.id,
        v1_0.config,
        v1_0.created_at,
        v1_0.is_published,
        v1_0.published_at,
        v1_0.status,
        v1_0.updated_at,
        v1_0.version_number 
    from
        lift_simulator.lift_system_version v1_0 
    where
        v1_0.lift_system_id=?
2026-01-24 09:43:03.493 [main] DEBUG org.hibernate.SQL - 
    insert 
    into
        lift_simulator.lift_system
        (created_at, description, display_name, system_key, updated_at) 
    values
        (?, ?, ?, ?, ?)
Hibernate: 
    insert 
    into
        lift_simulator.lift_system
        (created_at, description, display_name, system_key, updated_at) 
    values
        (?, ?, ?, ?, ?)
2026-01-24 09:43:03.498 [main] DEBUG org.hibernate.SQL - 
    insert 
    into
        lift_simulator.lift_system_version
        (config, created_at, is_published, lift_system_id, published_at, status, updated_at, version_number) 
    values
        (?, ?, ?, ?, ?, ?, ?, ?)
Hibernate: 
    insert 
    into
        lift_simulator.lift_system_version
        (config, created_at, is_published, lift_system_id, published_at, status, updated_at, version_number) 
    values
        (?, ?, ?, ?, ?, ?, ?, ?)
2026-01-24 09:43:03.504 [main] DEBUG org.hibernate.SQL - 
    insert 
    into
        lift_simulator.simulation_scenario
        (created_at, name, scenario_json, updated_at) 
    values
        (?, ?, ?, ?)
Hibernate: 
    insert 
    into
        lift_simulator.simulation_scenario
        (created_at, name, scenario_json, updated_at) 
    values
        (?, ?, ?, ?)
2026-01-24 09:43:03.517 [main] DEBUG org.hibernate.SQL - 
    insert 
    into
        lift_simulator.simulation_run
        (artefact_base_path, created_at, current_tick, ended_at, error_message, lift_system_id, scenario_id, seed, started_at, status, total_ticks, version_id) 
    values
        (?, ?, ?, ?, ?, ?, ?, ?, ?, ?, ?, ?)
Hibernate: 
    insert 
    into
        lift_simulator.simulation_run
        (artefact_base_path, created_at, current_tick, ended_at, error_message, lift_system_id, scenario_id, seed, started_at, status, total_ticks, version_id) 
    values
        (?, ?, ?, ?, ?, ?, ?, ?, ?, ?, ?, ?)
2026-01-24 09:43:03.543 [simulation-runner-1] DEBUG org.hibernate.SQL - 
    select
        sr1_0.id,
        sr1_0.artefact_base_path,
        sr1_0.created_at,
        sr1_0.current_tick,
        sr1_0.ended_at,
        sr1_0.error_message,
        sr1_0.lift_system_id,
        sr1_0.scenario_id,
        sr1_0.seed,
        sr1_0.started_at,
        sr1_0.status,
        sr1_0.total_ticks,
        sr1_0.version_id 
    from
        lift_simulator.simulation_run sr1_0 
    where
        sr1_0.id=?
Hibernate: 
    select
        sr1_0.id,
        sr1_0.artefact_base_path,
        sr1_0.created_at,
        sr1_0.current_tick,
        sr1_0.ended_at,
        sr1_0.error_message,
        sr1_0.lift_system_id,
        sr1_0.scenario_id,
        sr1_0.seed,
        sr1_0.started_at,
        sr1_0.status,
        sr1_0.total_ticks,
        sr1_0.version_id 
    from
        lift_simulator.simulation_run sr1_0 
    where
        sr1_0.id=?
2026-01-24 09:43:03.555 [simulation-runner-1] ERROR c.l.a.s.SimulationRunExecutionService - Failed to create run artefact directory for run 48
com.liftsimulator.admin.service.ResourceNotFoundException: Simulation run not found with id: 48
	at com.liftsimulator.admin.service.SimulationRunService.lambda$getRunById$5(SimulationRunService.java:213)
	at java.base/java.util.Optional.orElseThrow(Optional.java:403)
	at com.liftsimulator.admin.service.SimulationRunService.getRunById(SimulationRunService.java:213)
	at com.liftsimulator.admin.service.SimulationRunService.configureRun(SimulationRunService.java:339)
	at java.base/jdk.internal.reflect.DirectMethodHandleAccessor.invoke(DirectMethodHandleAccessor.java:103)
	at java.base/java.lang.reflect.Method.invoke(Method.java:580)
	at org.springframework.aop.support.AopUtils.invokeJoinpointUsingReflection(AopUtils.java:352)
	at org.springframework.aop.framework.ReflectiveMethodInvocation.invokeJoinpoint(ReflectiveMethodInvocation.java:196)
	at org.springframework.aop.framework.ReflectiveMethodInvocation.proceed(ReflectiveMethodInvocation.java:163)
	at org.springframework.aop.framework.CglibAopProxy$CglibMethodInvocation.proceed(CglibAopProxy.java:765)
	at org.springframework.transaction.interceptor.TransactionInterceptor$1.proceedWithInvocation(TransactionInterceptor.java:123)
	at org.springframework.transaction.interceptor.TransactionAspectSupport.invokeWithinTransaction(TransactionAspectSupport.java:385)
	at org.springframework.transaction.interceptor.TransactionInterceptor.invoke(TransactionInterceptor.java:119)
	at org.springframework.aop.framework.ReflectiveMethodInvocation.proceed(ReflectiveMethodInvocation.java:184)
	at org.springframework.aop.framework.CglibAopProxy$CglibMethodInvocation.proceed(CglibAopProxy.java:765)
	at org.springframework.aop.framework.CglibAopProxy$DynamicAdvisedInterceptor.intercept(CglibAopProxy.java:717)
	at com.liftsimulator.admin.service.SimulationRunService$$SpringCGLIB$$0.configureRun(<generated>)
	at com.liftsimulator.admin.service.SimulationRunExecutionService.executeRun(SimulationRunExecutionService.java:125)
	at com.liftsimulator.admin.service.SimulationRunExecutionService.lambda$submitRunForExecution$1(SimulationRunExecutionService.java:115)
	at java.base/java.util.concurrent.ThreadPoolExecutor.runWorker(ThreadPoolExecutor.java:1144)
	at java.base/java.util.concurrent.ThreadPoolExecutor$Worker.run(ThreadPoolExecutor.java:642)
	at java.base/java.lang.Thread.run(Thread.java:1570)
2026-01-24 09:43:03.573 [simulation-runner-1] DEBUG org.hibernate.SQL - 
    select
        sr1_0.id,
        sr1_0.artefact_base_path,
        sr1_0.created_at,
        sr1_0.current_tick,
        sr1_0.ended_at,
        sr1_0.error_message,
        sr1_0.lift_system_id,
        sr1_0.scenario_id,
        sr1_0.seed,
        sr1_0.started_at,
        sr1_0.status,
        sr1_0.total_ticks,
        sr1_0.version_id 
    from
        lift_simulator.simulation_run sr1_0 
    where
        sr1_0.id=?
Hibernate: 
    select
        sr1_0.id,
        sr1_0.artefact_base_path,
        sr1_0.created_at,
        sr1_0.current_tick,
        sr1_0.ended_at,
        sr1_0.error_message,
        sr1_0.lift_system_id,
        sr1_0.scenario_id,
        sr1_0.seed,
        sr1_0.started_at,
        sr1_0.status,
        sr1_0.total_ticks,
        sr1_0.version_id 
    from
        lift_simulator.simulation_run sr1_0 
    where
        sr1_0.id=?
2026-01-24 09:43:03.577 [simulation-runner-1] ERROR c.l.a.s.SimulationRunExecutionService - Failed to mark run 48 as failed
com.liftsimulator.admin.service.ResourceNotFoundException: Simulation run not found with id: 48
	at com.liftsimulator.admin.service.SimulationRunService.lambda$getRunById$5(SimulationRunService.java:213)
	at java.base/java.util.Optional.orElseThrow(Optional.java:403)
	at com.liftsimulator.admin.service.SimulationRunService.getRunById(SimulationRunService.java:213)
	at com.liftsimulator.admin.service.SimulationRunService.startRun(SimulationRunService.java:258)
	at java.base/jdk.internal.reflect.DirectMethodHandleAccessor.invoke(DirectMethodHandleAccessor.java:103)
	at java.base/java.lang.reflect.Method.invoke(Method.java:580)
	at org.springframework.aop.support.AopUtils.invokeJoinpointUsingReflection(AopUtils.java:352)
	at org.springframework.aop.framework.ReflectiveMethodInvocation.invokeJoinpoint(ReflectiveMethodInvocation.java:196)
	at org.springframework.aop.framework.ReflectiveMethodInvocation.proceed(ReflectiveMethodInvocation.java:163)
	at org.springframework.aop.framework.CglibAopProxy$CglibMethodInvocation.proceed(CglibAopProxy.java:765)
	at org.springframework.transaction.interceptor.TransactionInterceptor$1.proceedWithInvocation(TransactionInterceptor.java:123)
	at org.springframework.transaction.interceptor.TransactionAspectSupport.invokeWithinTransaction(TransactionAspectSupport.java:385)
	at org.springframework.transaction.interceptor.TransactionInterceptor.invoke(TransactionInterceptor.java:119)
	at org.springframework.aop.framework.ReflectiveMethodInvocation.proceed(ReflectiveMethodInvocation.java:184)
	at org.springframework.aop.framework.CglibAopProxy$CglibMethodInvocation.proceed(CglibAopProxy.java:765)
	at org.springframework.aop.framework.CglibAopProxy$DynamicAdvisedInterceptor.intercept(CglibAopProxy.java:717)
	at com.liftsimulator.admin.service.SimulationRunService$$SpringCGLIB$$0.startRun(<generated>)
	at com.liftsimulator.admin.service.SimulationRunExecutionService.failRunWithMessage(SimulationRunExecutionService.java:299)
	at com.liftsimulator.admin.service.SimulationRunExecutionService.executeRun(SimulationRunExecutionService.java:128)
	at com.liftsimulator.admin.service.SimulationRunExecutionService.lambda$submitRunForExecution$1(SimulationRunExecutionService.java:115)
	at java.base/java.util.concurrent.ThreadPoolExecutor.runWorker(ThreadPoolExecutor.java:1144)
	at java.base/java.util.concurrent.ThreadPoolExecutor$Worker.run(ThreadPoolExecutor.java:642)
	at java.base/java.lang.Thread.run(Thread.java:1570)

MockHttpServletRequest:
      HTTP Method = POST
      Request URI = /api/simulation-runs
       Parameters = {}
          Headers = [Content-Type:"application/json;charset=UTF-8", Content-Length:"66"]
             Body = {"liftSystemId":107,"versionId":92,"scenarioId":null,"seed":12345}
    Session Attrs = {}

Handler:
             Type = com.liftsimulator.admin.controller.SimulationRunController
           Method = com.liftsimulator.admin.controller.SimulationRunController#createSimulationRun(CreateSimulationRunRequest)

Async:
    Async started = false
     Async result = null

Resolved Exception:
             Type = null

ModelAndView:
        View name = null
             View = null
            Model = null

FlashMap:
       Attributes = null

MockHttpServletResponse:
           Status = 201
    Error message = null
          Headers = [Content-Type:"application/json"]
     Content type = application/json
             Body = {"id":48,"liftSystemId":107,"versionId":92,"scenarioId":null,"status":"CREATED","createdAt":"2026-01-24T09:43:03.5163039+05:30","startedAt":null,"endedAt":null,"totalTicks":10000,"currentTick":0,"seed":12345,"errorMessage":null,"artefactBasePath":"D:\\Projects\\lift-simulator\\.\\simulation-runs\\run-48","progressPercentage":0.0}
    Forwarded URL = null
   Redirected URL = null
          Cookies = []
]]></system-out>
  </testcase>
  <testcase name="testGetSimulationRun_Success" classname="com.liftsimulator.admin.controller.SimulationRunControllerTest" time="0.087">
    <system-out><![CDATA[2026-01-24 09:43:03.607 [main] DEBUG org.hibernate.SQL - 
    select
        sr1_0.id,
        sr1_0.artefact_base_path,
        sr1_0.created_at,
        sr1_0.current_tick,
        sr1_0.ended_at,
        sr1_0.error_message,
        sr1_0.lift_system_id,
        sr1_0.scenario_id,
        sr1_0.seed,
        sr1_0.started_at,
        sr1_0.status,
        sr1_0.total_ticks,
        sr1_0.version_id 
    from
        lift_simulator.simulation_run sr1_0
Hibernate: 
    select
        sr1_0.id,
        sr1_0.artefact_base_path,
        sr1_0.created_at,
        sr1_0.current_tick,
        sr1_0.ended_at,
        sr1_0.error_message,
        sr1_0.lift_system_id,
        sr1_0.scenario_id,
        sr1_0.seed,
        sr1_0.started_at,
        sr1_0.status,
        sr1_0.total_ticks,
        sr1_0.version_id 
    from
        lift_simulator.simulation_run sr1_0
2026-01-24 09:43:03.612 [main] DEBUG org.hibernate.SQL - 
    select
        ss1_0.id,
        ss1_0.created_at,
        ss1_0.name,
        ss1_0.scenario_json,
        ss1_0.updated_at 
    from
        lift_simulator.simulation_scenario ss1_0
Hibernate: 
    select
        ss1_0.id,
        ss1_0.created_at,
        ss1_0.name,
        ss1_0.scenario_json,
        ss1_0.updated_at 
    from
        lift_simulator.simulation_scenario ss1_0
2026-01-24 09:43:03.622 [main] DEBUG org.hibernate.SQL - 
    select
        lsv1_0.id,
        lsv1_0.config,
        lsv1_0.created_at,
        lsv1_0.is_published,
        lsv1_0.lift_system_id,
        lsv1_0.published_at,
        lsv1_0.status,
        lsv1_0.updated_at,
        lsv1_0.version_number 
    from
        lift_simulator.lift_system_version lsv1_0
Hibernate: 
    select
        lsv1_0.id,
        lsv1_0.config,
        lsv1_0.created_at,
        lsv1_0.is_published,
        lsv1_0.lift_system_id,
        lsv1_0.published_at,
        lsv1_0.status,
        lsv1_0.updated_at,
        lsv1_0.version_number 
    from
        lift_simulator.lift_system_version lsv1_0
2026-01-24 09:43:03.629 [main] DEBUG org.hibernate.SQL - 
    select
        ls1_0.id,
        ls1_0.created_at,
        ls1_0.description,
        ls1_0.display_name,
        ls1_0.system_key,
        ls1_0.updated_at 
    from
        lift_simulator.lift_system ls1_0
Hibernate: 
    select
        ls1_0.id,
        ls1_0.created_at,
        ls1_0.description,
        ls1_0.display_name,
        ls1_0.system_key,
        ls1_0.updated_at 
    from
        lift_simulator.lift_system ls1_0
2026-01-24 09:43:03.636 [main] DEBUG org.hibernate.SQL - 
    select
        v1_0.lift_system_id,
        v1_0.id,
        v1_0.config,
        v1_0.created_at,
        v1_0.is_published,
        v1_0.published_at,
        v1_0.status,
        v1_0.updated_at,
        v1_0.version_number 
    from
        lift_simulator.lift_system_version v1_0 
    where
        v1_0.lift_system_id=?
Hibernate: 
    select
        v1_0.lift_system_id,
        v1_0.id,
        v1_0.config,
        v1_0.created_at,
        v1_0.is_published,
        v1_0.published_at,
        v1_0.status,
        v1_0.updated_at,
        v1_0.version_number 
    from
        lift_simulator.lift_system_version v1_0 
    where
        v1_0.lift_system_id=?
2026-01-24 09:43:03.645 [main] DEBUG org.hibernate.SQL - 
    insert 
    into
        lift_simulator.lift_system
        (created_at, description, display_name, system_key, updated_at) 
    values
        (?, ?, ?, ?, ?)
Hibernate: 
    insert 
    into
        lift_simulator.lift_system
        (created_at, description, display_name, system_key, updated_at) 
    values
        (?, ?, ?, ?, ?)
2026-01-24 09:43:03.652 [main] DEBUG org.hibernate.SQL - 
    insert 
    into
        lift_simulator.lift_system_version
        (config, created_at, is_published, lift_system_id, published_at, status, updated_at, version_number) 
    values
        (?, ?, ?, ?, ?, ?, ?, ?)
Hibernate: 
    insert 
    into
        lift_simulator.lift_system_version
        (config, created_at, is_published, lift_system_id, published_at, status, updated_at, version_number) 
    values
        (?, ?, ?, ?, ?, ?, ?, ?)
2026-01-24 09:43:03.658 [main] DEBUG org.hibernate.SQL - 
    insert 
    into
        lift_simulator.simulation_scenario
        (created_at, name, scenario_json, updated_at) 
    values
        (?, ?, ?, ?)
Hibernate: 
    insert 
    into
        lift_simulator.simulation_scenario
        (created_at, name, scenario_json, updated_at) 
    values
        (?, ?, ?, ?)
2026-01-24 09:43:03.664 [main] DEBUG org.hibernate.SQL - 
    insert 
    into
        lift_simulator.simulation_run
        (artefact_base_path, created_at, current_tick, ended_at, error_message, lift_system_id, scenario_id, seed, started_at, status, total_ticks, version_id) 
    values
        (?, ?, ?, ?, ?, ?, ?, ?, ?, ?, ?, ?)
Hibernate: 
    insert 
    into
        lift_simulator.simulation_run
        (artefact_base_path, created_at, current_tick, ended_at, error_message, lift_system_id, scenario_id, seed, started_at, status, total_ticks, version_id) 
    values
        (?, ?, ?, ?, ?, ?, ?, ?, ?, ?, ?, ?)
]]></system-out>
  </testcase>
  <testcase name="testGetSimulationResults_Running" classname="com.liftsimulator.admin.controller.SimulationRunControllerTest" time="0.078">
    <system-out><![CDATA[2026-01-24 09:43:03.697 [main] DEBUG org.hibernate.SQL - 
    select
        sr1_0.id,
        sr1_0.artefact_base_path,
        sr1_0.created_at,
        sr1_0.current_tick,
        sr1_0.ended_at,
        sr1_0.error_message,
        sr1_0.lift_system_id,
        sr1_0.scenario_id,
        sr1_0.seed,
        sr1_0.started_at,
        sr1_0.status,
        sr1_0.total_ticks,
        sr1_0.version_id 
    from
        lift_simulator.simulation_run sr1_0
Hibernate: 
    select
        sr1_0.id,
        sr1_0.artefact_base_path,
        sr1_0.created_at,
        sr1_0.current_tick,
        sr1_0.ended_at,
        sr1_0.error_message,
        sr1_0.lift_system_id,
        sr1_0.scenario_id,
        sr1_0.seed,
        sr1_0.started_at,
        sr1_0.status,
        sr1_0.total_ticks,
        sr1_0.version_id 
    from
        lift_simulator.simulation_run sr1_0
2026-01-24 09:43:03.705 [main] DEBUG org.hibernate.SQL - 
    select
        ss1_0.id,
        ss1_0.created_at,
        ss1_0.name,
        ss1_0.scenario_json,
        ss1_0.updated_at 
    from
        lift_simulator.simulation_scenario ss1_0
Hibernate: 
    select
        ss1_0.id,
        ss1_0.created_at,
        ss1_0.name,
        ss1_0.scenario_json,
        ss1_0.updated_at 
    from
        lift_simulator.simulation_scenario ss1_0
2026-01-24 09:43:03.713 [main] DEBUG org.hibernate.SQL - 
    select
        lsv1_0.id,
        lsv1_0.config,
        lsv1_0.created_at,
        lsv1_0.is_published,
        lsv1_0.lift_system_id,
        lsv1_0.published_at,
        lsv1_0.status,
        lsv1_0.updated_at,
        lsv1_0.version_number 
    from
        lift_simulator.lift_system_version lsv1_0
Hibernate: 
    select
        lsv1_0.id,
        lsv1_0.config,
        lsv1_0.created_at,
        lsv1_0.is_published,
        lsv1_0.lift_system_id,
        lsv1_0.published_at,
        lsv1_0.status,
        lsv1_0.updated_at,
        lsv1_0.version_number 
    from
        lift_simulator.lift_system_version lsv1_0
2026-01-24 09:43:03.722 [main] DEBUG org.hibernate.SQL - 
    select
        ls1_0.id,
        ls1_0.created_at,
        ls1_0.description,
        ls1_0.display_name,
        ls1_0.system_key,
        ls1_0.updated_at 
    from
        lift_simulator.lift_system ls1_0
Hibernate: 
    select
        ls1_0.id,
        ls1_0.created_at,
        ls1_0.description,
        ls1_0.display_name,
        ls1_0.system_key,
        ls1_0.updated_at 
    from
        lift_simulator.lift_system ls1_0
2026-01-24 09:43:03.726 [main] DEBUG org.hibernate.SQL - 
    select
        v1_0.lift_system_id,
        v1_0.id,
        v1_0.config,
        v1_0.created_at,
        v1_0.is_published,
        v1_0.published_at,
        v1_0.status,
        v1_0.updated_at,
        v1_0.version_number 
    from
        lift_simulator.lift_system_version v1_0 
    where
        v1_0.lift_system_id=?
Hibernate: 
    select
        v1_0.lift_system_id,
        v1_0.id,
        v1_0.config,
        v1_0.created_at,
        v1_0.is_published,
        v1_0.published_at,
        v1_0.status,
        v1_0.updated_at,
        v1_0.version_number 
    from
        lift_simulator.lift_system_version v1_0 
    where
        v1_0.lift_system_id=?
2026-01-24 09:43:03.731 [main] DEBUG org.hibernate.SQL - 
    insert 
    into
        lift_simulator.lift_system
        (created_at, description, display_name, system_key, updated_at) 
    values
        (?, ?, ?, ?, ?)
Hibernate: 
    insert 
    into
        lift_simulator.lift_system
        (created_at, description, display_name, system_key, updated_at) 
    values
        (?, ?, ?, ?, ?)
2026-01-24 09:43:03.736 [main] DEBUG org.hibernate.SQL - 
    insert 
    into
        lift_simulator.lift_system_version
        (config, created_at, is_published, lift_system_id, published_at, status, updated_at, version_number) 
    values
        (?, ?, ?, ?, ?, ?, ?, ?)
Hibernate: 
    insert 
    into
        lift_simulator.lift_system_version
        (config, created_at, is_published, lift_system_id, published_at, status, updated_at, version_number) 
    values
        (?, ?, ?, ?, ?, ?, ?, ?)
2026-01-24 09:43:03.740 [main] DEBUG org.hibernate.SQL - 
    insert 
    into
        lift_simulator.simulation_scenario
        (created_at, name, scenario_json, updated_at) 
    values
        (?, ?, ?, ?)
Hibernate: 
    insert 
    into
        lift_simulator.simulation_scenario
        (created_at, name, scenario_json, updated_at) 
    values
        (?, ?, ?, ?)
2026-01-24 09:43:03.746 [main] DEBUG org.hibernate.SQL - 
    insert 
    into
        lift_simulator.simulation_run
        (artefact_base_path, created_at, current_tick, ended_at, error_message, lift_system_id, scenario_id, seed, started_at, status, total_ticks, version_id) 
    values
        (?, ?, ?, ?, ?, ?, ?, ?, ?, ?, ?, ?)
Hibernate: 
    insert 
    into
        lift_simulator.simulation_run
        (artefact_base_path, created_at, current_tick, ended_at, error_message, lift_system_id, scenario_id, seed, started_at, status, total_ticks, version_id) 
    values
        (?, ?, ?, ?, ?, ?, ?, ?, ?, ?, ?, ?)
]]></system-out>
  </testcase>
  <testcase name="testGetSimulationRun_NotFound" classname="com.liftsimulator.admin.controller.SimulationRunControllerTest" time="0.072">
    <system-out><![CDATA[2026-01-24 09:43:03.782 [main] DEBUG org.hibernate.SQL - 
    select
        sr1_0.id,
        sr1_0.artefact_base_path,
        sr1_0.created_at,
        sr1_0.current_tick,
        sr1_0.ended_at,
        sr1_0.error_message,
        sr1_0.lift_system_id,
        sr1_0.scenario_id,
        sr1_0.seed,
        sr1_0.started_at,
        sr1_0.status,
        sr1_0.total_ticks,
        sr1_0.version_id 
    from
        lift_simulator.simulation_run sr1_0
Hibernate: 
    select
        sr1_0.id,
        sr1_0.artefact_base_path,
        sr1_0.created_at,
        sr1_0.current_tick,
        sr1_0.ended_at,
        sr1_0.error_message,
        sr1_0.lift_system_id,
        sr1_0.scenario_id,
        sr1_0.seed,
        sr1_0.started_at,
        sr1_0.status,
        sr1_0.total_ticks,
        sr1_0.version_id 
    from
        lift_simulator.simulation_run sr1_0
2026-01-24 09:43:03.788 [main] DEBUG org.hibernate.SQL - 
    select
        ss1_0.id,
        ss1_0.created_at,
        ss1_0.name,
        ss1_0.scenario_json,
        ss1_0.updated_at 
    from
        lift_simulator.simulation_scenario ss1_0
Hibernate: 
    select
        ss1_0.id,
        ss1_0.created_at,
        ss1_0.name,
        ss1_0.scenario_json,
        ss1_0.updated_at 
    from
        lift_simulator.simulation_scenario ss1_0
2026-01-24 09:43:03.795 [main] DEBUG org.hibernate.SQL - 
    select
        lsv1_0.id,
        lsv1_0.config,
        lsv1_0.created_at,
        lsv1_0.is_published,
        lsv1_0.lift_system_id,
        lsv1_0.published_at,
        lsv1_0.status,
        lsv1_0.updated_at,
        lsv1_0.version_number 
    from
        lift_simulator.lift_system_version lsv1_0
Hibernate: 
    select
        lsv1_0.id,
        lsv1_0.config,
        lsv1_0.created_at,
        lsv1_0.is_published,
        lsv1_0.lift_system_id,
        lsv1_0.published_at,
        lsv1_0.status,
        lsv1_0.updated_at,
        lsv1_0.version_number 
    from
        lift_simulator.lift_system_version lsv1_0
2026-01-24 09:43:03.804 [main] DEBUG org.hibernate.SQL - 
    select
        ls1_0.id,
        ls1_0.created_at,
        ls1_0.description,
        ls1_0.display_name,
        ls1_0.system_key,
        ls1_0.updated_at 
    from
        lift_simulator.lift_system ls1_0
Hibernate: 
    select
        ls1_0.id,
        ls1_0.created_at,
        ls1_0.description,
        ls1_0.display_name,
        ls1_0.system_key,
        ls1_0.updated_at 
    from
        lift_simulator.lift_system ls1_0
2026-01-24 09:43:03.807 [main] DEBUG org.hibernate.SQL - 
    select
        v1_0.lift_system_id,
        v1_0.id,
        v1_0.config,
        v1_0.created_at,
        v1_0.is_published,
        v1_0.published_at,
        v1_0.status,
        v1_0.updated_at,
        v1_0.version_number 
    from
        lift_simulator.lift_system_version v1_0 
    where
        v1_0.lift_system_id=?
Hibernate: 
    select
        v1_0.lift_system_id,
        v1_0.id,
        v1_0.config,
        v1_0.created_at,
        v1_0.is_published,
        v1_0.published_at,
        v1_0.status,
        v1_0.updated_at,
        v1_0.version_number 
    from
        lift_simulator.lift_system_version v1_0 
    where
        v1_0.lift_system_id=?
2026-01-24 09:43:03.813 [main] DEBUG org.hibernate.SQL - 
    insert 
    into
        lift_simulator.lift_system
        (created_at, description, display_name, system_key, updated_at) 
    values
        (?, ?, ?, ?, ?)
Hibernate: 
    insert 
    into
        lift_simulator.lift_system
        (created_at, description, display_name, system_key, updated_at) 
    values
        (?, ?, ?, ?, ?)
2026-01-24 09:43:03.817 [main] DEBUG org.hibernate.SQL - 
    insert 
    into
        lift_simulator.lift_system_version
        (config, created_at, is_published, lift_system_id, published_at, status, updated_at, version_number) 
    values
        (?, ?, ?, ?, ?, ?, ?, ?)
Hibernate: 
    insert 
    into
        lift_simulator.lift_system_version
        (config, created_at, is_published, lift_system_id, published_at, status, updated_at, version_number) 
    values
        (?, ?, ?, ?, ?, ?, ?, ?)
2026-01-24 09:43:03.822 [main] DEBUG org.hibernate.SQL - 
    insert 
    into
        lift_simulator.simulation_scenario
        (created_at, name, scenario_json, updated_at) 
    values
        (?, ?, ?, ?)
Hibernate: 
    insert 
    into
        lift_simulator.simulation_scenario
        (created_at, name, scenario_json, updated_at) 
    values
        (?, ?, ?, ?)
2026-01-24 09:43:03.830 [main] DEBUG org.hibernate.SQL - 
    select
        sr1_0.id,
        sr1_0.artefact_base_path,
        sr1_0.created_at,
        sr1_0.current_tick,
        sr1_0.ended_at,
        sr1_0.error_message,
        sr1_0.lift_system_id,
        sr1_0.scenario_id,
        sr1_0.seed,
        sr1_0.started_at,
        sr1_0.status,
        sr1_0.total_ticks,
        sr1_0.version_id 
    from
        lift_simulator.simulation_run sr1_0 
    where
        sr1_0.id=?
Hibernate: 
    select
        sr1_0.id,
        sr1_0.artefact_base_path,
        sr1_0.created_at,
        sr1_0.current_tick,
        sr1_0.ended_at,
        sr1_0.error_message,
        sr1_0.lift_system_id,
        sr1_0.scenario_id,
        sr1_0.seed,
        sr1_0.started_at,
        sr1_0.status,
        sr1_0.total_ticks,
        sr1_0.version_id 
    from
        lift_simulator.simulation_run sr1_0 
    where
        sr1_0.id=?
2026-01-24 09:43:03.835 [main] INFO  c.l.a.c.GlobalExceptionHandler - Resource not found: Simulation run not found with id: 999
]]></system-out>
  </testcase>
  <testcase name="testGetSimulationResults_Succeeded_WithResults" classname="com.liftsimulator.admin.controller.SimulationRunControllerTest" time="0.119">
    <system-out><![CDATA[2026-01-24 09:43:03.874 [main] DEBUG org.hibernate.SQL - 
    select
        sr1_0.id,
        sr1_0.artefact_base_path,
        sr1_0.created_at,
        sr1_0.current_tick,
        sr1_0.ended_at,
        sr1_0.error_message,
        sr1_0.lift_system_id,
        sr1_0.scenario_id,
        sr1_0.seed,
        sr1_0.started_at,
        sr1_0.status,
        sr1_0.total_ticks,
        sr1_0.version_id 
    from
        lift_simulator.simulation_run sr1_0
Hibernate: 
    select
        sr1_0.id,
        sr1_0.artefact_base_path,
        sr1_0.created_at,
        sr1_0.current_tick,
        sr1_0.ended_at,
        sr1_0.error_message,
        sr1_0.lift_system_id,
        sr1_0.scenario_id,
        sr1_0.seed,
        sr1_0.started_at,
        sr1_0.status,
        sr1_0.total_ticks,
        sr1_0.version_id 
    from
        lift_simulator.simulation_run sr1_0
2026-01-24 09:43:03.881 [main] DEBUG org.hibernate.SQL - 
    select
        ss1_0.id,
        ss1_0.created_at,
        ss1_0.name,
        ss1_0.scenario_json,
        ss1_0.updated_at 
    from
        lift_simulator.simulation_scenario ss1_0
Hibernate: 
    select
        ss1_0.id,
        ss1_0.created_at,
        ss1_0.name,
        ss1_0.scenario_json,
        ss1_0.updated_at 
    from
        lift_simulator.simulation_scenario ss1_0
2026-01-24 09:43:03.888 [main] DEBUG org.hibernate.SQL - 
    select
        lsv1_0.id,
        lsv1_0.config,
        lsv1_0.created_at,
        lsv1_0.is_published,
        lsv1_0.lift_system_id,
        lsv1_0.published_at,
        lsv1_0.status,
        lsv1_0.updated_at,
        lsv1_0.version_number 
    from
        lift_simulator.lift_system_version lsv1_0
Hibernate: 
    select
        lsv1_0.id,
        lsv1_0.config,
        lsv1_0.created_at,
        lsv1_0.is_published,
        lsv1_0.lift_system_id,
        lsv1_0.published_at,
        lsv1_0.status,
        lsv1_0.updated_at,
        lsv1_0.version_number 
    from
        lift_simulator.lift_system_version lsv1_0
2026-01-24 09:43:03.894 [main] DEBUG org.hibernate.SQL - 
    select
        ls1_0.id,
        ls1_0.created_at,
        ls1_0.description,
        ls1_0.display_name,
        ls1_0.system_key,
        ls1_0.updated_at 
    from
        lift_simulator.lift_system ls1_0
Hibernate: 
    select
        ls1_0.id,
        ls1_0.created_at,
        ls1_0.description,
        ls1_0.display_name,
        ls1_0.system_key,
        ls1_0.updated_at 
    from
        lift_simulator.lift_system ls1_0
2026-01-24 09:43:03.897 [main] DEBUG org.hibernate.SQL - 
    select
        v1_0.lift_system_id,
        v1_0.id,
        v1_0.config,
        v1_0.created_at,
        v1_0.is_published,
        v1_0.published_at,
        v1_0.status,
        v1_0.updated_at,
        v1_0.version_number 
    from
        lift_simulator.lift_system_version v1_0 
    where
        v1_0.lift_system_id=?
Hibernate: 
    select
        v1_0.lift_system_id,
        v1_0.id,
        v1_0.config,
        v1_0.created_at,
        v1_0.is_published,
        v1_0.published_at,
        v1_0.status,
        v1_0.updated_at,
        v1_0.version_number 
    from
        lift_simulator.lift_system_version v1_0 
    where
        v1_0.lift_system_id=?
2026-01-24 09:43:03.904 [main] DEBUG org.hibernate.SQL - 
    insert 
    into
        lift_simulator.lift_system
        (created_at, description, display_name, system_key, updated_at) 
    values
        (?, ?, ?, ?, ?)
Hibernate: 
    insert 
    into
        lift_simulator.lift_system
        (created_at, description, display_name, system_key, updated_at) 
    values
        (?, ?, ?, ?, ?)
2026-01-24 09:43:03.907 [main] DEBUG org.hibernate.SQL - 
    insert 
    into
        lift_simulator.lift_system_version
        (config, created_at, is_published, lift_system_id, published_at, status, updated_at, version_number) 
    values
        (?, ?, ?, ?, ?, ?, ?, ?)
Hibernate: 
    insert 
    into
        lift_simulator.lift_system_version
        (config, created_at, is_published, lift_system_id, published_at, status, updated_at, version_number) 
    values
        (?, ?, ?, ?, ?, ?, ?, ?)
2026-01-24 09:43:03.912 [main] DEBUG org.hibernate.SQL - 
    insert 
    into
        lift_simulator.simulation_scenario
        (created_at, name, scenario_json, updated_at) 
    values
        (?, ?, ?, ?)
Hibernate: 
    insert 
    into
        lift_simulator.simulation_scenario
        (created_at, name, scenario_json, updated_at) 
    values
        (?, ?, ?, ?)
2026-01-24 09:43:03.917 [main] DEBUG org.hibernate.SQL - 
    insert 
    into
        lift_simulator.simulation_run
        (artefact_base_path, created_at, current_tick, ended_at, error_message, lift_system_id, scenario_id, seed, started_at, status, total_ticks, version_id) 
    values
        (?, ?, ?, ?, ?, ?, ?, ?, ?, ?, ?, ?)
Hibernate: 
    insert 
    into
        lift_simulator.simulation_run
        (artefact_base_path, created_at, current_tick, ended_at, error_message, lift_system_id, scenario_id, seed, started_at, status, total_ticks, version_id) 
    values
        (?, ?, ?, ?, ?, ?, ?, ?, ?, ?, ?, ?)
]]></system-out>
  </testcase>
  <testcase name="testGetSimulationResults_Failed" classname="com.liftsimulator.admin.controller.SimulationRunControllerTest" time="0.085">
    <system-out><![CDATA[2026-01-24 09:43:03.977 [main] DEBUG org.hibernate.SQL - 
    select
        sr1_0.id,
        sr1_0.artefact_base_path,
        sr1_0.created_at,
        sr1_0.current_tick,
        sr1_0.ended_at,
        sr1_0.error_message,
        sr1_0.lift_system_id,
        sr1_0.scenario_id,
        sr1_0.seed,
        sr1_0.started_at,
        sr1_0.status,
        sr1_0.total_ticks,
        sr1_0.version_id 
    from
        lift_simulator.simulation_run sr1_0
Hibernate: 
    select
        sr1_0.id,
        sr1_0.artefact_base_path,
        sr1_0.created_at,
        sr1_0.current_tick,
        sr1_0.ended_at,
        sr1_0.error_message,
        sr1_0.lift_system_id,
        sr1_0.scenario_id,
        sr1_0.seed,
        sr1_0.started_at,
        sr1_0.status,
        sr1_0.total_ticks,
        sr1_0.version_id 
    from
        lift_simulator.simulation_run sr1_0
2026-01-24 09:43:03.987 [main] DEBUG org.hibernate.SQL - 
    select
        ss1_0.id,
[...]
        v1_0.version_number 
    from
        lift_simulator.lift_system_version v1_0 
    where
        v1_0.lift_system_id=?
Hibernate: 
    select
        v1_0.lift_system_id,
        v1_0.id,
        v1_0.config,
        v1_0.created_at,
        v1_0.is_published,
        v1_0.published_at,
        v1_0.status,
        v1_0.updated_at,
        v1_0.version_number 
    from
        lift_simulator.lift_system_version v1_0 
    where
        v1_0.lift_system_id=?
2026-01-24 09:43:04.196 [main] DEBUG org.hibernate.SQL - 
    insert 
    into
        lift_simulator.lift_system
        (created_at, description, display_name, system_key, updated_at) 
    values
        (?, ?, ?, ?, ?)
Hibernate: 
    insert 
    into
        lift_simulator.lift_system
        (created_at, description, display_name, system_key, updated_at) 
    values
        (?, ?, ?, ?, ?)
2026-01-24 09:43:04.201 [main] DEBUG org.hibernate.SQL - 
    insert 
    into
        lift_simulator.lift_system_version
        (config, created_at, is_published, lift_system_id, published_at, status, updated_at, version_number) 
    values
        (?, ?, ?, ?, ?, ?, ?, ?)
Hibernate: 
    insert 
    into
        lift_simulator.lift_system_version
        (config, created_at, is_published, lift_system_id, published_at, status, updated_at, version_number) 
    values
        (?, ?, ?, ?, ?, ?, ?, ?)
2026-01-24 09:43:04.206 [main] DEBUG org.hibernate.SQL - 
    insert 
    into
        lift_simulator.simulation_scenario
        (created_at, name, scenario_json, updated_at) 
    values
        (?, ?, ?, ?)
Hibernate: 
    insert 
    into
        lift_simulator.simulation_scenario
        (created_at, name, scenario_json, updated_at) 
    values
        (?, ?, ?, ?)
2026-01-24 09:43:04.234 [main] DEBUG org.hibernate.SQL - 
    insert 
    into
        lift_simulator.simulation_run
        (artefact_base_path, created_at, current_tick, ended_at, error_message, lift_system_id, scenario_id, seed, started_at, status, total_ticks, version_id) 
    values
        (?, ?, ?, ?, ?, ?, ?, ?, ?, ?, ?, ?)
Hibernate: 
    insert 
    into
        lift_simulator.simulation_run
        (artefact_base_path, created_at, current_tick, ended_at, error_message, lift_system_id, scenario_id, seed, started_at, status, total_ticks, version_id) 
    values
        (?, ?, ?, ?, ?, ?, ?, ?, ?, ?, ?, ?)
2026-01-24 09:43:04.295 [main] ERROR c.l.a.c.GlobalExceptionHandler - Unexpected error occurred: Failed to parse lift configuration JSON: Unrecognized field "numLifts" (class com.liftsimulator.admin.dto.LiftConfigDTO), not marked as ignorable (11 known properties: "doorDwellTicks", "doorTransitionTicks", "idleParkingMode", "maxFloor", "idleTimeoutTicks", "minFloor", "travelTicksPerFloor", "homeFloor", "controllerStrategy", "lifts", "doorReopenWindowTicks"])
 at [Source: (String)"{"numLifts": 2, "numFloors": 10}"; line: 1, column: 33] (through reference chain: com.liftsimulator.admin.dto.LiftConfigDTO["numLifts"])
java.io.IOException: Failed to parse lift configuration JSON: Unrecognized field "numLifts" (class com.liftsimulator.admin.dto.LiftConfigDTO), not marked as ignorable (11 known properties: "doorDwellTicks", "doorTransitionTicks", "idleParkingMode", "maxFloor", "idleTimeoutTicks", "minFloor", "travelTicksPerFloor", "homeFloor", "controllerStrategy", "lifts", "doorReopenWindowTicks"])
 at [Source: (String)"{"numLifts": 2, "numFloors": 10}"; line: 1, column: 33] (through reference chain: com.liftsimulator.admin.dto.LiftConfigDTO["numLifts"])
	at com.liftsimulator.admin.service.BatchInputGenerator.parseLiftConfig(BatchInputGenerator.java:80)
	at com.liftsimulator.admin.service.BatchInputGenerator.generateBatchInputFile(BatchInputGenerator.java:52)
	at com.liftsimulator.admin.service.SimulationRunService.generateBatchInputFile(SimulationRunService.java:400)
	at com.liftsimulator.admin.service.SimulationRunService.createAndStartRun(SimulationRunService.java:170)
	at java.base/jdk.internal.reflect.DirectMethodHandleAccessor.invoke(DirectMethodHandleAccessor.java:103)
	at java.base/java.lang.reflect.Method.invoke(Method.java:580)
	at org.springframework.aop.support.AopUtils.invokeJoinpointUsingReflection(AopUtils.java:352)
	at org.springframework.aop.framework.ReflectiveMethodInvocation.invokeJoinpoint(ReflectiveMethodInvocation.java:196)
	at org.springframework.aop.framework.ReflectiveMethodInvocation.proceed(ReflectiveMethodInvocation.java:163)
	at org.springframework.aop.framework.CglibAopProxy$CglibMethodInvocation.proceed(CglibAopProxy.java:765)
	at org.springframework.transaction.interceptor.TransactionInterceptor$1.proceedWithInvocation(TransactionInterceptor.java:123)
	at org.springframework.transaction.interceptor.TransactionAspectSupport.invokeWithinTransaction(TransactionAspectSupport.java:385)
	at org.springframework.transaction.interceptor.TransactionInterceptor.invoke(TransactionInterceptor.java:119)
	at org.springframework.aop.framework.ReflectiveMethodInvocation.proceed(ReflectiveMethodInvocation.java:184)
	at org.springframework.aop.framework.CglibAopProxy$CglibMethodInvocation.proceed(CglibAopProxy.java:765)
	at org.springframework.aop.framework.CglibAopProxy$DynamicAdvisedInterceptor.intercept(CglibAopProxy.java:717)
	at com.liftsimulator.admin.service.SimulationRunService$$SpringCGLIB$$0.createAndStartRun(<generated>)
	at com.liftsimulator.admin.controller.SimulationRunController.createSimulationRun(SimulationRunController.java:61)
	at java.base/jdk.internal.reflect.DirectMethodHandleAccessor.invoke(DirectMethodHandleAccessor.java:103)
	at java.base/java.lang.reflect.Method.invoke(Method.java:580)
	at org.springframework.web.method.support.InvocableHandlerMethod.doInvoke(InvocableHandlerMethod.java:262)
	at org.springframework.web.method.support.InvocableHandlerMethod.invokeForRequest(InvocableHandlerMethod.java:190)
	at org.springframework.web.servlet.mvc.method.annotation.ServletInvocableHandlerMethod.invokeAndHandle(ServletInvocableHandlerMethod.java:118)
	at org.springframework.web.servlet.mvc.method.annotation.RequestMappingHandlerAdapter.invokeHandlerMethod(RequestMappingHandlerAdapter.java:917)
	at org.springframework.web.servlet.mvc.method.annotation.RequestMappingHandlerAdapter.handleInternal(RequestMappingHandlerAdapter.java:829)
	at org.springframework.web.servlet.mvc.method.AbstractHandlerMethodAdapter.handle(AbstractHandlerMethodAdapter.java:87)
	at org.springframework.web.servlet.DispatcherServlet.doDispatch(DispatcherServlet.java:1089)
	at org.springframework.web.servlet.DispatcherServlet.doService(DispatcherServlet.java:979)
	at org.springframework.web.servlet.FrameworkServlet.processRequest(FrameworkServlet.java:1014)
	at org.springframework.web.servlet.FrameworkServlet.doPost(FrameworkServlet.java:914)
	at jakarta.servlet.http.HttpServlet.service(HttpServlet.java:590)
	at org.springframework.web.servlet.FrameworkServlet.service(FrameworkServlet.java:885)
	at org.springframework.test.web.servlet.TestDispatcherServlet.service(TestDispatcherServlet.java:72)
	at jakarta.servlet.http.HttpServlet.service(HttpServlet.java:658)
	at org.springframework.mock.web.MockFilterChain$ServletFilterProxy.doFilter(MockFilterChain.java:165)
	at org.springframework.mock.web.MockFilterChain.doFilter(MockFilterChain.java:132)
	at org.springframework.web.filter.RequestContextFilter.doFilterInternal(RequestContextFilter.java:100)
	at org.springframework.web.filter.OncePerRequestFilter.doFilter(OncePerRequestFilter.java:116)
	at org.springframework.test.web.servlet.setup.MockMvcFilterDecorator.doFilter(MockMvcFilterDecorator.java:151)
	at org.springframework.mock.web.MockFilterChain.doFilter(MockFilterChain.java:132)
	at org.springframework.web.filter.FormContentFilter.doFilterInternal(FormContentFilter.java:93)
	at org.springframework.web.filter.OncePerRequestFilter.doFilter(OncePerRequestFilter.java:116)
	at org.springframework.test.web.servlet.setup.MockMvcFilterDecorator.doFilter(MockMvcFilterDecorator.java:151)
	at org.springframework.mock.web.MockFilterChain.doFilter(MockFilterChain.java:132)
	at org.springframework.web.filter.ServerHttpObservationFilter.doFilterInternal(ServerHttpObservationFilter.java:109)
	at org.springframework.web.filter.OncePerRequestFilter.doFilter(OncePerRequestFilter.java:116)
	at org.springframework.test.web.servlet.setup.MockMvcFilterDecorator.doFilter(MockMvcFilterDecorator.java:151)
	at org.springframework.mock.web.MockFilterChain.doFilter(MockFilterChain.java:132)
	at org.springframework.web.filter.CharacterEncodingFilter.doFilterInternal(CharacterEncodingFilter.java:201)
	at org.springframework.web.filter.OncePerRequestFilter.doFilter(OncePerRequestFilter.java:116)
	at org.springframework.test.web.servlet.setup.MockMvcFilterDecorator.doFilter(MockMvcFilterDecorator.java:151)
	at org.springframework.mock.web.MockFilterChain.doFilter(MockFilterChain.java:132)
	at org.springframework.test.web.servlet.MockMvc.perform(MockMvc.java:201)
	at com.liftsimulator.admin.controller.SimulationRunControllerTest.testCreateSimulationRun_WithScenario(SimulationRunControllerTest.java:130)
	at java.base/jdk.internal.reflect.DirectMethodHandleAccessor.invoke(DirectMethodHandleAccessor.java:103)
	at java.base/java.lang.reflect.Method.invoke(Method.java:580)
	at org.junit.platform.commons.util.ReflectionUtils.invokeMethod(ReflectionUtils.java:728)
	at org.junit.jupiter.engine.execution.MethodInvocation.proceed(MethodInvocation.java:60)
	at org.junit.jupiter.engine.execution.InvocationInterceptorChain$ValidatingInvocation.proceed(InvocationInterceptorChain.java:131)
	at org.junit.jupiter.engine.extension.TimeoutExtension.intercept(TimeoutExtension.java:156)
	at org.junit.jupiter.engine.extension.TimeoutExtension.interceptTestableMethod(TimeoutExtension.java:147)
	at org.junit.jupiter.engine.extension.TimeoutExtension.interceptTestMethod(TimeoutExtension.java:86)
	at org.junit.jupiter.engine.execution.InterceptingExecutableInvoker$ReflectiveInterceptorCall.lambda$ofVoidMethod$0(InterceptingExecutableInvoker.java:103)
	at org.junit.jupiter.engine.execution.InterceptingExecutableInvoker.lambda$invoke$0(InterceptingExecutableInvoker.java:93)
	at org.junit.jupiter.engine.execution.InvocationInterceptorChain$InterceptedInvocation.proceed(InvocationInterceptorChain.java:106)
	at org.junit.jupiter.engine.execution.InvocationInterceptorChain.proceed(InvocationInterceptorChain.java:64)
	at org.junit.jupiter.engine.execution.InvocationInterceptorChain.chainAndInvoke(InvocationInterceptorChain.java:45)
	at org.junit.jupiter.engine.execution.InvocationInterceptorChain.invoke(InvocationInterceptorChain.java:37)
	at org.junit.jupiter.engine.execution.InterceptingExecutableInvoker.invoke(InterceptingExecutableInvoker.java:92)
	at org.junit.jupiter.engine.execution.InterceptingExecutableInvoker.invoke(InterceptingExecutableInvoker.java:86)
	at org.junit.jupiter.engine.descriptor.TestMethodTestDescriptor.lambda$invokeTestMethod$7(TestMethodTestDescriptor.java:218)
	at org.junit.platform.engine.support.hierarchical.ThrowableCollector.execute(ThrowableCollector.java:73)
	at org.junit.jupiter.engine.descriptor.TestMethodTestDescriptor.invokeTestMethod(TestMethodTestDescriptor.java:214)
	at org.junit.jupiter.engine.descriptor.TestMethodTestDescriptor.execute(TestMethodTestDescriptor.java:139)
	at org.junit.jupiter.engine.descriptor.TestMethodTestDescriptor.execute(TestMethodTestDescriptor.java:69)
	at org.junit.platform.engine.support.hierarchical.NodeTestTask.lambda$executeRecursively$6(NodeTestTask.java:151)
	at org.junit.platform.engine.support.hierarchical.ThrowableCollector.execute(ThrowableCollector.java:73)
	at org.junit.platform.engine.support.hierarchical.NodeTestTask.lambda$executeRecursively$8(NodeTestTask.java:141)
	at org.junit.platform.engine.support.hierarchical.Node.around(Node.java:137)
	at org.junit.platform.engine.support.hierarchical.NodeTestTask.lambda$executeRecursively$9(NodeTestTask.java:139)
	at org.junit.platform.engine.support.hierarchical.ThrowableCollector.execute(ThrowableCollector.java:73)
	at org.junit.platform.engine.support.hierarchical.NodeTestTask.executeRecursively(NodeTestTask.java:138)
	at org.junit.platform.engine.support.hierarchical.NodeTestTask.execute(NodeTestTask.java:95)
	at java.base/java.util.ArrayList.forEach(ArrayList.java:1597)
	at org.junit.platform.engine.support.hierarchical.SameThreadHierarchicalTestExecutorService.invokeAll(SameThreadHierarchicalTestExecutorService.java:41)
	at org.junit.platform.engine.support.hierarchical.NodeTestTask.lambda$executeRecursively$6(NodeTestTask.java:155)
	at org.junit.platform.engine.support.hierarchical.ThrowableCollector.execute(ThrowableCollector.java:73)
	at org.junit.platform.engine.support.hierarchical.NodeTestTask.lambda$executeRecursively$8(NodeTestTask.java:141)
	at org.junit.platform.engine.support.hierarchical.Node.around(Node.java:137)
	at org.junit.platform.engine.support.hierarchical.NodeTestTask.lambda$executeRecursively$9(NodeTestTask.java:139)
	at org.junit.platform.engine.support.hierarchical.ThrowableCollector.execute(ThrowableCollector.java:73)
	at org.junit.platform.engine.support.hierarchical.NodeTestTask.executeRecursively(NodeTestTask.java:138)
	at org.junit.platform.engine.support.hierarchical.NodeTestTask.execute(NodeTestTask.java:95)
	at java.base/java.util.ArrayList.forEach(ArrayList.java:1597)
	at org.junit.platform.engine.support.hierarchical.SameThreadHierarchicalTestExecutorService.invokeAll(SameThreadHierarchicalTestExecutorService.java:41)
	at org.junit.platform.engine.support.hierarchical.NodeTestTask.lambda$executeRecursively$6(NodeTestTask.java:155)
	at org.junit.platform.engine.support.hierarchical.ThrowableCollector.execute(ThrowableCollector.java:73)
	at org.junit.platform.engine.support.hierarchical.NodeTestTask.lambda$executeRecursively$8(NodeTestTask.java:141)
	at org.junit.platform.engine.support.hierarchical.Node.around(Node.java:137)
	at org.junit.platform.engine.support.hierarchical.NodeTestTask.lambda$executeRecursively$9(NodeTestTask.java:139)
	at org.junit.platform.engine.support.hierarchical.ThrowableCollector.execute(ThrowableCollector.java:73)
	at org.junit.platform.engine.support.hierarchical.NodeTestTask.executeRecursively(NodeTestTask.java:138)
	at org.junit.platform.engine.support.hierarchical.NodeTestTask.execute(NodeTestTask.java:95)
	at org.junit.platform.engine.support.hierarchical.SameThreadHierarchicalTestExecutorService.submit(SameThreadHierarchicalTestExecutorService.java:35)
	at org.junit.platform.engine.support.hierarchical.HierarchicalTestExecutor.execute(HierarchicalTestExecutor.java:57)
	at org.junit.platform.engine.support.hierarchical.HierarchicalTestEngine.execute(HierarchicalTestEngine.java:54)
	at org.junit.platform.launcher.core.EngineExecutionOrchestrator.execute(EngineExecutionOrchestrator.java:198)
	at org.junit.platform.launcher.core.EngineExecutionOrchestrator.execute(EngineExecutionOrchestrator.java:169)
	at org.junit.platform.launcher.core.EngineExecutionOrchestrator.execute(EngineExecutionOrchestrator.java:93)
	at org.junit.platform.launcher.core.EngineExecutionOrchestrator.lambda$execute$0(EngineExecutionOrchestrator.java:58)
	at org.junit.platform.launcher.core.EngineExecutionOrchestrator.withInterceptedStreams(EngineExecutionOrchestrator.java:141)
	at org.junit.platform.launcher.core.EngineExecutionOrchestrator.execute(EngineExecutionOrchestrator.java:57)
	at org.junit.platform.launcher.core.DefaultLauncher.execute(DefaultLauncher.java:103)
	at org.junit.platform.launcher.core.DefaultLauncher.execute(DefaultLauncher.java:85)
	at org.junit.platform.launcher.core.DelegatingLauncher.execute(DelegatingLauncher.java:47)
	at org.apache.maven.surefire.junitplatform.LazyLauncher.execute(LazyLauncher.java:56)
	at org.apache.maven.surefire.junitplatform.JUnitPlatformProvider.execute(JUnitPlatformProvider.java:184)
	at org.apache.maven.surefire.junitplatform.JUnitPlatformProvider.invokeAllTests(JUnitPlatformProvider.java:148)
	at org.apache.maven.surefire.junitplatform.JUnitPlatformProvider.invoke(JUnitPlatformProvider.java:122)
	at org.apache.maven.surefire.booter.ForkedBooter.runSuitesInProcess(ForkedBooter.java:385)
	at org.apache.maven.surefire.booter.ForkedBooter.execute(ForkedBooter.java:162)
	at org.apache.maven.surefire.booter.ForkedBooter.run(ForkedBooter.java:507)
	at org.apache.maven.surefire.booter.ForkedBooter.main(ForkedBooter.java:495)
Caused by: com.fasterxml.jackson.databind.exc.UnrecognizedPropertyException: Unrecognized field "numLifts" (class com.liftsimulator.admin.dto.LiftConfigDTO), not marked as ignorable (11 known properties: "doorDwellTicks", "doorTransitionTicks", "idleParkingMode", "maxFloor", "idleTimeoutTicks", "minFloor", "travelTicksPerFloor", "homeFloor", "controllerStrategy", "lifts", "doorReopenWindowTicks"])
 at [Source: (String)"{"numLifts": 2, "numFloors": 10}"; line: 1, column: 33] (through reference chain: com.liftsimulator.admin.dto.LiftConfigDTO["numLifts"])
	at com.fasterxml.jackson.databind.exc.UnrecognizedPropertyException.from(UnrecognizedPropertyException.java:61)
	at com.fasterxml.jackson.databind.DeserializationContext.handleUnknownProperty(DeserializationContext.java:1138)
	at com.fasterxml.jackson.databind.deser.std.StdDeserializer.handleUnknownProperty(StdDeserializer.java:2224)
	at com.fasterxml.jackson.databind.deser.BeanDeserializerBase.handleUnknownProperty(BeanDeserializerBase.java:1709)
	at com.fasterxml.jackson.databind.deser.BeanDeserializerBase.handleUnknownProperties(BeanDeserializerBase.java:1659)
	at com.fasterxml.jackson.databind.deser.BeanDeserializer._deserializeUsingPropertyBased(BeanDeserializer.java:546)
	at com.fasterxml.jackson.databind.deser.BeanDeserializerBase.deserializeFromObjectUsingNonDefault(BeanDeserializerBase.java:1409)
	at com.fasterxml.jackson.databind.deser.BeanDeserializer.deserializeFromObject(BeanDeserializer.java:352)
	at com.fasterxml.jackson.databind.deser.BeanDeserializer.deserialize(BeanDeserializer.java:185)
	at com.fasterxml.jackson.databind.deser.DefaultDeserializationContext.readRootValue(DefaultDeserializationContext.java:323)
	at com.fasterxml.jackson.databind.ObjectMapper._readMapAndClose(ObjectMapper.java:4825)
	at com.fasterxml.jackson.databind.ObjectMapper.readValue(ObjectMapper.java:3772)
	at com.fasterxml.jackson.databind.ObjectMapper.readValue(ObjectMapper.java:3740)
	at com.liftsimulator.admin.service.BatchInputGenerator.parseLiftConfig(BatchInputGenerator.java:78)
	... 122 common frames omitted

MockHttpServletRequest:
      HTTP Method = POST
      Request URI = /api/simulation-runs
       Parameters = {}
          Headers = [Content-Type:"application/json;charset=UTF-8", Content-Length:"63"]
             Body = {"liftSystemId":114,"versionId":99,"scenarioId":60,"seed":null}
    Session Attrs = {}

Handler:
             Type = com.liftsimulator.admin.controller.SimulationRunController
           Method = com.liftsimulator.admin.controller.SimulationRunController#createSimulationRun(CreateSimulationRunRequest)

Async:
    Async started = false
     Async result = null

Resolved Exception:
             Type = java.io.IOException

ModelAndView:
        View name = null
             View = null
            Model = null

FlashMap:
       Attributes = null

MockHttpServletResponse:
           Status = 500
    Error message = null
          Headers = [Content-Type:"application/json"]
     Content type = application/json
             Body = {"status":500,"message":"An unexpected error occurred","timestamp":"2026-01-24T09:43:04.3042475+05:30"}
    Forwarded URL = null
   Redirected URL = null
          Cookies = []
]]></system-out>
  </testcase>
</testsuite>